{"level":"info","message":"Created directory: /app/uploads/documents/L1/Licence en sciences de l'informatique/S1/Algorithmique et Structures de Données/cours","service":"isi-archive-api","timestamp":"2025-06-02 00:00:09"}
{"level":"info","message":"Document created: cbnsddfgdsvfnb by user c9f2a4b0-0536-4b26-898d-e7a646e3eef3","service":"isi-archive-api","timestamp":"2025-06-02 00:00:09"}
{"level":"info","message":"Audit log created: DOCUMENT_UPLOAD by user c9f2a4b0-0536-4b26-898d-e7a646e3eef3","service":"isi-archive-api","timestamp":"2025-06-02 00:00:09"}
{"level":"info","message":"Audit log created: PAGE_ACCESS by user c9f2a4b0-0536-4b26-898d-e7a646e3eef3","service":"isi-archive-api","timestamp":"2025-06-02 00:00:09"}
{"level":"info","message":"View count incremented for document 45a3faf1-ca2f-43f2-930b-7bfbdad5ee95","service":"isi-archive-api","timestamp":"2025-06-02 00:00:12"}
{"level":"info","message":"Audit log created: DOCUMENT_VIEW by user c9f2a4b0-0536-4b26-898d-e7a646e3eef3","service":"isi-archive-api","timestamp":"2025-06-02 00:00:12"}
{"level":"info","message":"Correction file organized: /app/uploads/documents/L2/Licence en sciences de l'informatique/S3/Bases de Données/td/corrections/1748822435124_Plan-Etude-ING_66d3d64e8c70861b.pdf","service":"isi-archive-api","timestamp":"2025-06-02 00:00:35"}
{"level":"info","message":"Document created: Correction - xvghdvdfghdsfvghs by user c9f2a4b0-0536-4b26-898d-e7a646e3eef3","service":"isi-archive-api","timestamp":"2025-06-02 00:00:35"}
{"level":"info","message":"Correction created for document 45a3faf1-ca2f-43f2-930b-7bfbdad5ee95 by user c9f2a4b0-0536-4b26-898d-e7a646e3eef3","service":"isi-archive-api","timestamp":"2025-06-02 00:00:35"}
{"level":"info","message":"View count incremented for document 45a3faf1-ca2f-43f2-930b-7bfbdad5ee95","service":"isi-archive-api","timestamp":"2025-06-02 00:00:35"}
{"level":"info","message":"Audit log created: DOCUMENT_VIEW by user c9f2a4b0-0536-4b26-898d-e7a646e3eef3","service":"isi-archive-api","timestamp":"2025-06-02 00:00:35"}
{"level":"info","message":"Document deleted: gdvfgdfvhjd by user c9f2a4b0-0536-4b26-898d-e7a646e3eef3","service":"isi-archive-api","timestamp":"2025-06-02 00:00:59"}
{"level":"info","message":"Audit log created: PAGE_ACCESS by user c9f2a4b0-0536-4b26-898d-e7a646e3eef3","service":"isi-archive-api","timestamp":"2025-06-02 00:00:59"}
{"level":"info","message":"Audit log created: PAGE_ACCESS by user c9f2a4b0-0536-4b26-898d-e7a646e3eef3","service":"isi-archive-api","timestamp":"2025-06-02 00:01:01"}
{"level":"info","message":"Document restored: gdvfgdfvhjd by user c9f2a4b0-0536-4b26-898d-e7a646e3eef3","service":"isi-archive-api","timestamp":"2025-06-02 00:01:21"}
{"level":"info","message":"Audit log created: DOCUMENT_RESTORE by user c9f2a4b0-0536-4b26-898d-e7a646e3eef3","service":"isi-archive-api","timestamp":"2025-06-02 00:01:21"}
{"level":"info","message":"Audit log created: DOCUMENT_RESTORE by user c9f2a4b0-0536-4b26-898d-e7a646e3eef3","service":"isi-archive-api","timestamp":"2025-06-02 00:01:21"}
{"level":"info","message":"Audit log created: PAGE_ACCESS by user c9f2a4b0-0536-4b26-898d-e7a646e3eef3","service":"isi-archive-api","timestamp":"2025-06-02 00:01:22"}
{"level":"info","message":"View count incremented for document fc998927-0c2e-4db8-a71e-526c36ddf29a","service":"isi-archive-api","timestamp":"2025-06-02 00:01:57"}
{"level":"info","message":"Audit log created: DOCUMENT_VIEW by user c9f2a4b0-0536-4b26-898d-e7a646e3eef3","service":"isi-archive-api","timestamp":"2025-06-02 00:01:57"}
{"level":"info","message":"Comment created on document fc998927-0c2e-4db8-a71e-526c36ddf29a by user c9f2a4b0-0536-4b26-898d-e7a646e3eef3","service":"isi-archive-api","timestamp":"2025-06-02 00:02:03"}
{"level":"info","message":"Successful login for user: etudiant.l1@isi.tn","service":"isi-archive-api","timestamp":"2025-06-02 00:02:34"}
{"level":"info","message":"Audit log created: LOGIN by user 14a9195b-1f73-4e98-aa10-c0da138334b0","service":"isi-archive-api","timestamp":"2025-06-02 00:02:34"}
{"level":"info","message":"📚 Swagger documentation available at: http://localhost:5001/api/docs","service":"isi-archive-api","timestamp":"2025-06-02 00:08:38"}
{"level":"info","message":"✅ Database connected successfully","service":"isi-archive-api","timestamp":"2025-06-02 00:08:39"}
{"level":"info","message":"Redis Client Connected","service":"isi-archive-api","timestamp":"2025-06-02 00:08:39"}
{"level":"info","message":"Redis Client Ready","service":"isi-archive-api","timestamp":"2025-06-02 00:08:39"}
{"level":"info","message":"Successfully connected to Redis","service":"isi-archive-api","timestamp":"2025-06-02 00:08:39"}
{"level":"info","message":"✅ Redis connected successfully","service":"isi-archive-api","timestamp":"2025-06-02 00:08:39"}
{"level":"info","message":"Email service initialized","service":"isi-archive-api","timestamp":"2025-06-02 00:08:39"}
{"level":"info","message":"✅ Email service initialized","service":"isi-archive-api","timestamp":"2025-06-02 00:08:39"}
{"level":"info","message":"🚀 ISI Archive API started successfully","service":"isi-archive-api","timestamp":"2025-06-02 00:08:39"}
{"level":"info","message":"📍 Server running on port 5001","service":"isi-archive-api","timestamp":"2025-06-02 00:08:39"}
{"level":"info","message":"🌍 Environment: development","service":"isi-archive-api","timestamp":"2025-06-02 00:08:39"}
{"level":"info","message":"📚 API Documentation: http://localhost:5001/api/docs","service":"isi-archive-api","timestamp":"2025-06-02 00:08:39"}
{"level":"info","message":"💚 Health Check: http://localhost:5001/api/health","service":"isi-archive-api","timestamp":"2025-06-02 00:08:39"}
{"level":"info","message":"📋 API Info: http://localhost:5001/api","service":"isi-archive-api","timestamp":"2025-06-02 00:08:39"}
{"level":"info","message":"🔧 Development mode - detailed logging enabled","service":"isi-archive-api","timestamp":"2025-06-02 00:08:39"}
{"level":"warn","message":"Failed token refresh attempt: Token de rafraîchissement invalide","service":"isi-archive-api","stack":"Error: Token de rafraîchissement invalide\n    at Function.refreshToken (/app/src/services/authService.ts:194:15)\n    at processTicksAndRejections (node:internal/process/task_queues:95:5)\n    at async refreshToken (/app/src/controllers/authController.ts:125:22)","timestamp":"2025-06-02 00:09:21"}
{"level":"warn","message":"Failed token refresh attempt: Token de rafraîchissement invalide","service":"isi-archive-api","stack":"Error: Token de rafraîchissement invalide\n    at Function.refreshToken (/app/src/services/authService.ts:194:15)\n    at processTicksAndRejections (node:internal/process/task_queues:95:5)\n    at async refreshToken (/app/src/controllers/authController.ts:125:22)","timestamp":"2025-06-02 00:09:21"}
{"level":"error","message":"Token refresh error: Token de rafraîchissement invalide","service":"isi-archive-api","stack":"Error: Token de rafraîchissement invalide\n    at Function.refreshToken (/app/src/services/authService.ts:235:13)\n    at processTicksAndRejections (node:internal/process/task_queues:95:5)\n    at async refreshToken (/app/src/controllers/authController.ts:125:22)","timestamp":"2025-06-02 00:09:21"}
{"level":"error","message":"Token refresh error: Token de rafraîchissement invalide","service":"isi-archive-api","stack":"Error: Token de rafraîchissement invalide\n    at Function.refreshToken (/app/src/services/authService.ts:235:13)\n    at processTicksAndRejections (node:internal/process/task_queues:95:5)\n    at async refreshToken (/app/src/controllers/authController.ts:125:22)","timestamp":"2025-06-02 00:09:21"}
{"level":"info","message":"📚 Swagger documentation available at: http://localhost:5001/api/docs","service":"isi-archive-api","timestamp":"2025-06-02 00:18:03"}
{"level":"info","message":"✅ Database connected successfully","service":"isi-archive-api","timestamp":"2025-06-02 00:18:03"}
{"level":"info","message":"Redis Client Connected","service":"isi-archive-api","timestamp":"2025-06-02 00:18:03"}
{"level":"info","message":"Redis Client Ready","service":"isi-archive-api","timestamp":"2025-06-02 00:18:03"}
{"level":"info","message":"Successfully connected to Redis","service":"isi-archive-api","timestamp":"2025-06-02 00:18:03"}
{"level":"info","message":"✅ Redis connected successfully","service":"isi-archive-api","timestamp":"2025-06-02 00:18:03"}
{"level":"info","message":"Email service initialized","service":"isi-archive-api","timestamp":"2025-06-02 00:18:03"}
{"level":"info","message":"✅ Email service initialized","service":"isi-archive-api","timestamp":"2025-06-02 00:18:03"}
{"level":"info","message":"🚀 ISI Archive API started successfully","service":"isi-archive-api","timestamp":"2025-06-02 00:18:03"}
{"level":"info","message":"📍 Server running on port 5001","service":"isi-archive-api","timestamp":"2025-06-02 00:18:03"}
{"level":"info","message":"🌍 Environment: development","service":"isi-archive-api","timestamp":"2025-06-02 00:18:03"}
{"level":"info","message":"📚 API Documentation: http://localhost:5001/api/docs","service":"isi-archive-api","timestamp":"2025-06-02 00:18:03"}
{"level":"info","message":"💚 Health Check: http://localhost:5001/api/health","service":"isi-archive-api","timestamp":"2025-06-02 00:18:03"}
{"level":"info","message":"📋 API Info: http://localhost:5001/api","service":"isi-archive-api","timestamp":"2025-06-02 00:18:03"}
{"level":"info","message":"🔧 Development mode - detailed logging enabled","service":"isi-archive-api","timestamp":"2025-06-02 00:18:03"}
{"level":"info","message":"📚 Swagger documentation available at: http://localhost:5001/api/docs","service":"isi-archive-api","timestamp":"2025-06-02 00:43:29"}
{"level":"info","message":"✅ Database connected successfully","service":"isi-archive-api","timestamp":"2025-06-02 00:43:29"}
{"level":"info","message":"Redis Client Connected","service":"isi-archive-api","timestamp":"2025-06-02 00:43:29"}
{"level":"info","message":"Redis Client Ready","service":"isi-archive-api","timestamp":"2025-06-02 00:43:29"}
{"level":"info","message":"Successfully connected to Redis","service":"isi-archive-api","timestamp":"2025-06-02 00:43:29"}
{"level":"info","message":"✅ Redis connected successfully","service":"isi-archive-api","timestamp":"2025-06-02 00:43:29"}
{"level":"info","message":"Email service initialized","service":"isi-archive-api","timestamp":"2025-06-02 00:43:29"}
{"level":"info","message":"✅ Email service initialized","service":"isi-archive-api","timestamp":"2025-06-02 00:43:29"}
{"level":"info","message":"🚀 ISI Archive API started successfully","service":"isi-archive-api","timestamp":"2025-06-02 00:43:29"}
{"level":"info","message":"📍 Server running on port 5001","service":"isi-archive-api","timestamp":"2025-06-02 00:43:29"}
{"level":"info","message":"🌍 Environment: development","service":"isi-archive-api","timestamp":"2025-06-02 00:43:29"}
{"level":"info","message":"📚 API Documentation: http://localhost:5001/api/docs","service":"isi-archive-api","timestamp":"2025-06-02 00:43:29"}
{"level":"info","message":"💚 Health Check: http://localhost:5001/api/health","service":"isi-archive-api","timestamp":"2025-06-02 00:43:29"}
{"level":"info","message":"📋 API Info: http://localhost:5001/api","service":"isi-archive-api","timestamp":"2025-06-02 00:43:29"}
{"level":"info","message":"🔧 Development mode - detailed logging enabled","service":"isi-archive-api","timestamp":"2025-06-02 00:43:29"}
{"level":"info","message":"📚 Swagger documentation available at: http://localhost:5001/api/docs","service":"isi-archive-api","timestamp":"2025-06-02 00:53:06"}
{"level":"info","message":"✅ Database connected successfully","service":"isi-archive-api","timestamp":"2025-06-02 00:53:06"}
{"level":"info","message":"Redis Client Connected","service":"isi-archive-api","timestamp":"2025-06-02 00:53:06"}
{"level":"info","message":"Redis Client Ready","service":"isi-archive-api","timestamp":"2025-06-02 00:53:06"}
{"level":"info","message":"Successfully connected to Redis","service":"isi-archive-api","timestamp":"2025-06-02 00:53:06"}
{"level":"info","message":"✅ Redis connected successfully","service":"isi-archive-api","timestamp":"2025-06-02 00:53:06"}
{"level":"info","message":"Email service initialized","service":"isi-archive-api","timestamp":"2025-06-02 00:53:06"}
{"level":"info","message":"✅ Email service initialized","service":"isi-archive-api","timestamp":"2025-06-02 00:53:06"}
{"level":"info","message":"🚀 ISI Archive API started successfully","service":"isi-archive-api","timestamp":"2025-06-02 00:53:06"}
{"level":"info","message":"📍 Server running on port 5001","service":"isi-archive-api","timestamp":"2025-06-02 00:53:06"}
{"level":"info","message":"🌍 Environment: development","service":"isi-archive-api","timestamp":"2025-06-02 00:53:06"}
{"level":"info","message":"📚 API Documentation: http://localhost:5001/api/docs","service":"isi-archive-api","timestamp":"2025-06-02 00:53:06"}
{"level":"info","message":"💚 Health Check: http://localhost:5001/api/health","service":"isi-archive-api","timestamp":"2025-06-02 00:53:06"}
{"level":"info","message":"📋 API Info: http://localhost:5001/api","service":"isi-archive-api","timestamp":"2025-06-02 00:53:06"}
{"level":"info","message":"🔧 Development mode - detailed logging enabled","service":"isi-archive-api","timestamp":"2025-06-02 00:53:06"}
{"level":"info","message":"📚 Swagger documentation available at: http://localhost:5001/api/docs","service":"isi-archive-api","timestamp":"2025-06-02 00:53:33"}
{"level":"info","message":"✅ Database connected successfully","service":"isi-archive-api","timestamp":"2025-06-02 00:53:33"}
{"level":"info","message":"Redis Client Connected","service":"isi-archive-api","timestamp":"2025-06-02 00:53:33"}
{"level":"info","message":"Redis Client Ready","service":"isi-archive-api","timestamp":"2025-06-02 00:53:33"}
{"level":"info","message":"Successfully connected to Redis","service":"isi-archive-api","timestamp":"2025-06-02 00:53:33"}
{"level":"info","message":"✅ Redis connected successfully","service":"isi-archive-api","timestamp":"2025-06-02 00:53:33"}
{"level":"info","message":"Email service initialized","service":"isi-archive-api","timestamp":"2025-06-02 00:53:33"}
{"level":"info","message":"✅ Email service initialized","service":"isi-archive-api","timestamp":"2025-06-02 00:53:33"}
{"level":"info","message":"🚀 ISI Archive API started successfully","service":"isi-archive-api","timestamp":"2025-06-02 00:53:33"}
{"level":"info","message":"📍 Server running on port 5001","service":"isi-archive-api","timestamp":"2025-06-02 00:53:33"}
{"level":"info","message":"🌍 Environment: development","service":"isi-archive-api","timestamp":"2025-06-02 00:53:33"}
{"level":"info","message":"📚 API Documentation: http://localhost:5001/api/docs","service":"isi-archive-api","timestamp":"2025-06-02 00:53:33"}
{"level":"info","message":"💚 Health Check: http://localhost:5001/api/health","service":"isi-archive-api","timestamp":"2025-06-02 00:53:33"}
{"level":"info","message":"📋 API Info: http://localhost:5001/api","service":"isi-archive-api","timestamp":"2025-06-02 00:53:33"}
{"level":"info","message":"🔧 Development mode - detailed logging enabled","service":"isi-archive-api","timestamp":"2025-06-02 00:53:33"}
{"level":"info","message":"📚 Swagger documentation available at: http://localhost:5001/api/docs","service":"isi-archive-api","timestamp":"2025-06-02 00:53:40"}
{"level":"info","message":"✅ Database connected successfully","service":"isi-archive-api","timestamp":"2025-06-02 00:53:40"}
{"level":"info","message":"Redis Client Connected","service":"isi-archive-api","timestamp":"2025-06-02 00:53:40"}
{"level":"info","message":"Redis Client Ready","service":"isi-archive-api","timestamp":"2025-06-02 00:53:40"}
{"level":"info","message":"Successfully connected to Redis","service":"isi-archive-api","timestamp":"2025-06-02 00:53:40"}
{"level":"info","message":"✅ Redis connected successfully","service":"isi-archive-api","timestamp":"2025-06-02 00:53:40"}
{"level":"info","message":"Email service initialized","service":"isi-archive-api","timestamp":"2025-06-02 00:53:40"}
{"level":"info","message":"✅ Email service initialized","service":"isi-archive-api","timestamp":"2025-06-02 00:53:40"}
{"level":"info","message":"🚀 ISI Archive API started successfully","service":"isi-archive-api","timestamp":"2025-06-02 00:53:40"}
{"level":"info","message":"📍 Server running on port 5001","service":"isi-archive-api","timestamp":"2025-06-02 00:53:40"}
{"level":"info","message":"🌍 Environment: development","service":"isi-archive-api","timestamp":"2025-06-02 00:53:40"}
{"level":"info","message":"📚 API Documentation: http://localhost:5001/api/docs","service":"isi-archive-api","timestamp":"2025-06-02 00:53:40"}
{"level":"info","message":"💚 Health Check: http://localhost:5001/api/health","service":"isi-archive-api","timestamp":"2025-06-02 00:53:40"}
{"level":"info","message":"📋 API Info: http://localhost:5001/api","service":"isi-archive-api","timestamp":"2025-06-02 00:53:40"}
{"level":"info","message":"🔧 Development mode - detailed logging enabled","service":"isi-archive-api","timestamp":"2025-06-02 00:53:40"}
{"level":"info","message":"SIGTERM received, starting graceful shutdown...","service":"isi-archive-api","timestamp":"2025-06-02 00:56:23"}
{"level":"info","message":"HTTP server closed","service":"isi-archive-api","timestamp":"2025-06-02 00:56:23"}
{"level":"info","message":"📚 Swagger documentation available at: http://localhost:5001/api/docs","service":"isi-archive-api","timestamp":"2025-06-02 00:56:41"}
{"level":"info","message":"✅ Database connected successfully","service":"isi-archive-api","timestamp":"2025-06-02 00:56:41"}
{"level":"info","message":"Redis Client Connected","service":"isi-archive-api","timestamp":"2025-06-02 00:56:41"}
{"level":"info","message":"Redis Client Ready","service":"isi-archive-api","timestamp":"2025-06-02 00:56:41"}
{"level":"info","message":"Successfully connected to Redis","service":"isi-archive-api","timestamp":"2025-06-02 00:56:41"}
{"level":"info","message":"✅ Redis connected successfully","service":"isi-archive-api","timestamp":"2025-06-02 00:56:41"}
{"level":"info","message":"Email service initialized","service":"isi-archive-api","timestamp":"2025-06-02 00:56:41"}
{"level":"info","message":"✅ Email service initialized","service":"isi-archive-api","timestamp":"2025-06-02 00:56:41"}
{"level":"info","message":"🚀 ISI Archive API started successfully","service":"isi-archive-api","timestamp":"2025-06-02 00:56:41"}
{"level":"info","message":"📍 Server running on port 5001","service":"isi-archive-api","timestamp":"2025-06-02 00:56:41"}
{"level":"info","message":"🌍 Environment: development","service":"isi-archive-api","timestamp":"2025-06-02 00:56:41"}
{"level":"info","message":"📚 API Documentation: http://localhost:5001/api/docs","service":"isi-archive-api","timestamp":"2025-06-02 00:56:41"}
{"level":"info","message":"💚 Health Check: http://localhost:5001/api/health","service":"isi-archive-api","timestamp":"2025-06-02 00:56:41"}
{"level":"info","message":"📋 API Info: http://localhost:5001/api","service":"isi-archive-api","timestamp":"2025-06-02 00:56:41"}
{"level":"info","message":"🔧 Development mode - detailed logging enabled","service":"isi-archive-api","timestamp":"2025-06-02 00:56:41"}
{"level":"info","message":"📚 Swagger documentation available at: http://localhost:5001/api/docs","service":"isi-archive-api","timestamp":"2025-06-02 00:59:09"}
{"level":"info","message":"✅ Database connected successfully","service":"isi-archive-api","timestamp":"2025-06-02 00:59:09"}
{"level":"info","message":"Redis Client Connected","service":"isi-archive-api","timestamp":"2025-06-02 00:59:09"}
{"level":"info","message":"Redis Client Ready","service":"isi-archive-api","timestamp":"2025-06-02 00:59:09"}
{"level":"info","message":"Successfully connected to Redis","service":"isi-archive-api","timestamp":"2025-06-02 00:59:09"}
{"level":"info","message":"✅ Redis connected successfully","service":"isi-archive-api","timestamp":"2025-06-02 00:59:09"}
{"level":"info","message":"Email service initialized","service":"isi-archive-api","timestamp":"2025-06-02 00:59:09"}
{"level":"info","message":"✅ Email service initialized","service":"isi-archive-api","timestamp":"2025-06-02 00:59:09"}
{"level":"info","message":"🚀 ISI Archive API started successfully","service":"isi-archive-api","timestamp":"2025-06-02 00:59:09"}
{"level":"info","message":"📍 Server running on port 5001","service":"isi-archive-api","timestamp":"2025-06-02 00:59:09"}
{"level":"info","message":"🌍 Environment: development","service":"isi-archive-api","timestamp":"2025-06-02 00:59:09"}
{"level":"info","message":"📚 API Documentation: http://localhost:5001/api/docs","service":"isi-archive-api","timestamp":"2025-06-02 00:59:09"}
{"level":"info","message":"💚 Health Check: http://localhost:5001/api/health","service":"isi-archive-api","timestamp":"2025-06-02 00:59:09"}
{"level":"info","message":"📋 API Info: http://localhost:5001/api","service":"isi-archive-api","timestamp":"2025-06-02 00:59:09"}
{"level":"info","message":"🔧 Development mode - detailed logging enabled","service":"isi-archive-api","timestamp":"2025-06-02 00:59:09"}
{"level":"info","message":"Successful login for user: etudiant.l1@isi.tn","service":"isi-archive-api","timestamp":"2025-06-02 00:59:31"}
{"level":"info","message":"Audit log created: LOGIN by user 9376200c-4229-4397-8a76-78ea5ad5ed37","service":"isi-archive-api","timestamp":"2025-06-02 00:59:31"}
{"level":"info","message":"Audit log created: PAGE_ACCESS by user 9376200c-4229-4397-8a76-78ea5ad5ed37","service":"isi-archive-api","timestamp":"2025-06-02 00:59:34"}
{"level":"info","message":"Successful login for user: admin@isi.tn","service":"isi-archive-api","timestamp":"2025-06-02 01:00:09"}
{"level":"info","message":"Audit log created: LOGIN by user 3a7e24a7-ac91-4912-bee2-921680842c3c","service":"isi-archive-api","timestamp":"2025-06-02 01:00:09"}
{"level":"info","message":"Matiere L1-SE-MAT3 professor assignments updated by user 3a7e24a7-ac91-4912-bee2-921680842c3c","service":"isi-archive-api","timestamp":"2025-06-02 01:00:49"}
{"level":"info","message":"📚 Swagger documentation available at: http://localhost:5001/api/docs","service":"isi-archive-api","timestamp":"2025-06-02 01:03:05"}
{"level":"info","message":"✅ Database connected successfully","service":"isi-archive-api","timestamp":"2025-06-02 01:03:05"}
{"level":"info","message":"Redis Client Connected","service":"isi-archive-api","timestamp":"2025-06-02 01:03:05"}
{"level":"info","message":"Redis Client Ready","service":"isi-archive-api","timestamp":"2025-06-02 01:03:05"}
{"level":"info","message":"Successfully connected to Redis","service":"isi-archive-api","timestamp":"2025-06-02 01:03:05"}
{"level":"info","message":"✅ Redis connected successfully","service":"isi-archive-api","timestamp":"2025-06-02 01:03:05"}
{"level":"info","message":"Email service initialized","service":"isi-archive-api","timestamp":"2025-06-02 01:03:05"}
{"level":"info","message":"✅ Email service initialized","service":"isi-archive-api","timestamp":"2025-06-02 01:03:05"}
{"level":"info","message":"🚀 ISI Archive API started successfully","service":"isi-archive-api","timestamp":"2025-06-02 01:03:05"}
{"level":"info","message":"📍 Server running on port 5001","service":"isi-archive-api","timestamp":"2025-06-02 01:03:05"}
{"level":"info","message":"🌍 Environment: development","service":"isi-archive-api","timestamp":"2025-06-02 01:03:05"}
{"level":"info","message":"📚 API Documentation: http://localhost:5001/api/docs","service":"isi-archive-api","timestamp":"2025-06-02 01:03:05"}
{"level":"info","message":"💚 Health Check: http://localhost:5001/api/health","service":"isi-archive-api","timestamp":"2025-06-02 01:03:05"}
{"level":"info","message":"📋 API Info: http://localhost:5001/api","service":"isi-archive-api","timestamp":"2025-06-02 01:03:05"}
{"level":"info","message":"🔧 Development mode - detailed logging enabled","service":"isi-archive-api","timestamp":"2025-06-02 01:03:05"}
{"level":"info","message":"📚 Swagger documentation available at: http://localhost:5001/api/docs","service":"isi-archive-api","timestamp":"2025-06-02 01:03:30"}
{"level":"info","message":"✅ Database connected successfully","service":"isi-archive-api","timestamp":"2025-06-02 01:03:30"}
{"level":"info","message":"Redis Client Connected","service":"isi-archive-api","timestamp":"2025-06-02 01:03:30"}
{"level":"info","message":"Redis Client Ready","service":"isi-archive-api","timestamp":"2025-06-02 01:03:30"}
{"level":"info","message":"Successfully connected to Redis","service":"isi-archive-api","timestamp":"2025-06-02 01:03:30"}
{"level":"info","message":"✅ Redis connected successfully","service":"isi-archive-api","timestamp":"2025-06-02 01:03:30"}
{"level":"info","message":"Email service initialized","service":"isi-archive-api","timestamp":"2025-06-02 01:03:30"}
{"level":"info","message":"✅ Email service initialized","service":"isi-archive-api","timestamp":"2025-06-02 01:03:30"}
{"level":"info","message":"🚀 ISI Archive API started successfully","service":"isi-archive-api","timestamp":"2025-06-02 01:03:30"}
{"level":"info","message":"📍 Server running on port 5001","service":"isi-archive-api","timestamp":"2025-06-02 01:03:30"}
{"level":"info","message":"🌍 Environment: development","service":"isi-archive-api","timestamp":"2025-06-02 01:03:30"}
{"level":"info","message":"📚 API Documentation: http://localhost:5001/api/docs","service":"isi-archive-api","timestamp":"2025-06-02 01:03:30"}
{"level":"info","message":"💚 Health Check: http://localhost:5001/api/health","service":"isi-archive-api","timestamp":"2025-06-02 01:03:30"}
{"level":"info","message":"📋 API Info: http://localhost:5001/api","service":"isi-archive-api","timestamp":"2025-06-02 01:03:30"}
{"level":"info","message":"🔧 Development mode - detailed logging enabled","service":"isi-archive-api","timestamp":"2025-06-02 01:03:30"}
{"level":"info","message":"SIGTERM received, starting graceful shutdown...","service":"isi-archive-api","timestamp":"2025-06-02 01:07:48"}
{"level":"info","message":"HTTP server closed","service":"isi-archive-api","timestamp":"2025-06-02 01:07:48"}
{"level":"info","message":"📚 Swagger documentation available at: http://localhost:5001/api/docs","service":"isi-archive-api","timestamp":"2025-06-02 01:18:23"}
{"level":"info","message":"✅ Database connected successfully","service":"isi-archive-api","timestamp":"2025-06-02 01:18:23"}
{"level":"info","message":"Redis Client Connected","service":"isi-archive-api","timestamp":"2025-06-02 01:18:23"}
{"level":"info","message":"Redis Client Ready","service":"isi-archive-api","timestamp":"2025-06-02 01:18:23"}
{"level":"info","message":"Successfully connected to Redis","service":"isi-archive-api","timestamp":"2025-06-02 01:18:23"}
{"level":"info","message":"✅ Redis connected successfully","service":"isi-archive-api","timestamp":"2025-06-02 01:18:23"}
{"level":"info","message":"Email service initialized","service":"isi-archive-api","timestamp":"2025-06-02 01:18:23"}
{"level":"info","message":"✅ Email service initialized","service":"isi-archive-api","timestamp":"2025-06-02 01:18:23"}
{"level":"info","message":"🚀 ISI Archive API started successfully","service":"isi-archive-api","timestamp":"2025-06-02 01:18:23"}
{"level":"info","message":"📍 Server running on port 5001","service":"isi-archive-api","timestamp":"2025-06-02 01:18:23"}
{"level":"info","message":"🌍 Environment: development","service":"isi-archive-api","timestamp":"2025-06-02 01:18:23"}
{"level":"info","message":"📚 API Documentation: http://localhost:5001/api/docs","service":"isi-archive-api","timestamp":"2025-06-02 01:18:23"}
{"level":"info","message":"💚 Health Check: http://localhost:5001/api/health","service":"isi-archive-api","timestamp":"2025-06-02 01:18:23"}
{"level":"info","message":"📋 API Info: http://localhost:5001/api","service":"isi-archive-api","timestamp":"2025-06-02 01:18:23"}
{"level":"info","message":"🔧 Development mode - detailed logging enabled","service":"isi-archive-api","timestamp":"2025-06-02 01:18:23"}
{"level":"error","message":"Authentication error: Access token expired","service":"isi-archive-api","stack":"Error: Access token expired\n    at verifyAccessToken (/app/src/utils/jwt.ts:52:13)\n    at authenticate (/app/src/middleware/auth.ts:29:38)\n    at newFn (/app/node_modules/express-async-errors/index.js:16:20)\n    at Layer.handle [as handle_request] (/app/node_modules/express/lib/router/layer.js:95:5)\n    at next (/app/node_modules/express/lib/router/route.js:149:13)\n    at Route.dispatch (/app/node_modules/express/lib/router/route.js:119:3)\n    at newFn (/app/node_modules/express-async-errors/index.js:16:20)\n    at Layer.handle [as handle_request] (/app/node_modules/express/lib/router/layer.js:95:5)\n    at /app/node_modules/express/lib/router/index.js:284:15\n    at Function.process_params (/app/node_modules/express/lib/router/index.js:346:12)","timestamp":"2025-06-02 01:20:16"}
{"level":"error","message":"Authentication error: Access token expired","service":"isi-archive-api","stack":"Error: Access token expired\n    at verifyAccessToken (/app/src/utils/jwt.ts:52:13)\n    at authenticate (/app/src/middleware/auth.ts:29:38)\n    at newFn (/app/node_modules/express-async-errors/index.js:16:20)\n    at Layer.handle [as handle_request] (/app/node_modules/express/lib/router/layer.js:95:5)\n    at next (/app/node_modules/express/lib/router/route.js:149:13)\n    at Route.dispatch (/app/node_modules/express/lib/router/route.js:119:3)\n    at newFn (/app/node_modules/express-async-errors/index.js:16:20)\n    at Layer.handle [as handle_request] (/app/node_modules/express/lib/router/layer.js:95:5)\n    at /app/node_modules/express/lib/router/index.js:284:15\n    at Function.process_params (/app/node_modules/express/lib/router/index.js:346:12)","timestamp":"2025-06-02 01:20:16"}
{"level":"warn","message":"Failed token refresh attempt: Token de rafraîchissement invalide","service":"isi-archive-api","stack":"Error: Token de rafraîchissement invalide\n    at Function.refreshToken (/app/src/services/authService.ts:194:15)\n    at processTicksAndRejections (node:internal/process/task_queues:95:5)\n    at async refreshToken (/app/src/controllers/authController.ts:125:22)","timestamp":"2025-06-02 01:20:17"}
{"level":"error","message":"Token refresh error: Token de rafraîchissement invalide","service":"isi-archive-api","stack":"Error: Token de rafraîchissement invalide\n    at Function.refreshToken (/app/src/services/authService.ts:235:13)\n    at processTicksAndRejections (node:internal/process/task_queues:95:5)\n    at async refreshToken (/app/src/controllers/authController.ts:125:22)","timestamp":"2025-06-02 01:20:17"}
{"level":"warn","message":"Failed token refresh attempt: Token de rafraîchissement invalide","service":"isi-archive-api","stack":"Error: Token de rafraîchissement invalide\n    at Function.refreshToken (/app/src/services/authService.ts:194:15)\n    at processTicksAndRejections (node:internal/process/task_queues:95:5)\n    at async refreshToken (/app/src/controllers/authController.ts:125:22)","timestamp":"2025-06-02 01:20:17"}
{"level":"error","message":"Token refresh error: Token de rafraîchissement invalide","service":"isi-archive-api","stack":"Error: Token de rafraîchissement invalide\n    at Function.refreshToken (/app/src/services/authService.ts:235:13)\n    at processTicksAndRejections (node:internal/process/task_queues:95:5)\n    at async refreshToken (/app/src/controllers/authController.ts:125:22)","timestamp":"2025-06-02 01:20:17"}
{"level":"info","message":"Successful login for user: admin@isi.tn","service":"isi-archive-api","timestamp":"2025-06-02 01:20:36"}
{"level":"info","message":"Audit log created: LOGIN by user 6bc26f99-24fa-4af6-9dc5-0227e96e5f3c","service":"isi-archive-api","timestamp":"2025-06-02 01:20:36"}
{"level":"info","message":"Audit log created: PAGE_ACCESS by user 6bc26f99-24fa-4af6-9dc5-0227e96e5f3c","service":"isi-archive-api","timestamp":"2025-06-02 01:20:39"}
{"level":"info","message":"Matiere L1-SE-GEN1 professor assignments updated by user 6bc26f99-24fa-4af6-9dc5-0227e96e5f3c","service":"isi-archive-api","timestamp":"2025-06-02 01:21:39"}
{"level":"error","message":"Authentication error: Access token expired","service":"isi-archive-api","stack":"Error: Access token expired\n    at verifyAccessToken (/app/src/utils/jwt.ts:52:13)\n    at authenticate (/app/src/middleware/auth.ts:29:38)\n    at newFn (/app/node_modules/express-async-errors/index.js:16:20)\n    at Layer.handle [as handle_request] (/app/node_modules/express/lib/router/layer.js:95:5)\n    at next (/app/node_modules/express/lib/router/route.js:149:13)\n    at Route.dispatch (/app/node_modules/express/lib/router/route.js:119:3)\n    at newFn (/app/node_modules/express-async-errors/index.js:16:20)\n    at Layer.handle [as handle_request] (/app/node_modules/express/lib/router/layer.js:95:5)\n    at /app/node_modules/express/lib/router/index.js:284:15\n    at Function.process_params (/app/node_modules/express/lib/router/index.js:346:12)","timestamp":"2025-06-02 01:24:51"}
{"level":"error","message":"Authentication error: Access token expired","service":"isi-archive-api","stack":"Error: Access token expired\n    at verifyAccessToken (/app/src/utils/jwt.ts:52:13)\n    at authenticate (/app/src/middleware/auth.ts:29:38)\n    at newFn (/app/node_modules/express-async-errors/index.js:16:20)\n    at Layer.handle [as handle_request] (/app/node_modules/express/lib/router/layer.js:95:5)\n    at next (/app/node_modules/express/lib/router/route.js:149:13)\n    at Route.dispatch (/app/node_modules/express/lib/router/route.js:119:3)\n    at newFn (/app/node_modules/express-async-errors/index.js:16:20)\n    at Layer.handle [as handle_request] (/app/node_modules/express/lib/router/layer.js:95:5)\n    at /app/node_modules/express/lib/router/index.js:284:15\n    at Function.process_params (/app/node_modules/express/lib/router/index.js:346:12)","timestamp":"2025-06-02 01:24:51"}
{"level":"warn","message":"Failed token refresh attempt: Token de rafraîchissement invalide","service":"isi-archive-api","stack":"Error: Token de rafraîchissement invalide\n    at Function.refreshToken (/app/src/services/authService.ts:194:15)\n    at processTicksAndRejections (node:internal/process/task_queues:95:5)\n    at async refreshToken (/app/src/controllers/authController.ts:125:22)","timestamp":"2025-06-02 01:24:52"}
{"level":"error","message":"Token refresh error: Token de rafraîchissement invalide","service":"isi-archive-api","stack":"Error: Token de rafraîchissement invalide\n    at Function.refreshToken (/app/src/services/authService.ts:235:13)\n    at processTicksAndRejections (node:internal/process/task_queues:95:5)\n    at async refreshToken (/app/src/controllers/authController.ts:125:22)","timestamp":"2025-06-02 01:24:52"}
{"level":"warn","message":"Failed token refresh attempt: Token de rafraîchissement invalide","service":"isi-archive-api","stack":"Error: Token de rafraîchissement invalide\n    at Function.refreshToken (/app/src/services/authService.ts:194:15)\n    at processTicksAndRejections (node:internal/process/task_queues:95:5)\n    at async refreshToken (/app/src/controllers/authController.ts:125:22)","timestamp":"2025-06-02 01:24:52"}
{"level":"error","message":"Token refresh error: Token de rafraîchissement invalide","service":"isi-archive-api","stack":"Error: Token de rafraîchissement invalide\n    at Function.refreshToken (/app/src/services/authService.ts:235:13)\n    at processTicksAndRejections (node:internal/process/task_queues:95:5)\n    at async refreshToken (/app/src/controllers/authController.ts:125:22)","timestamp":"2025-06-02 01:24:52"}
{"level":"info","message":"📚 Swagger documentation available at: http://localhost:5001/api/docs","service":"isi-archive-api","timestamp":"2025-06-02 01:42:40"}
{"level":"info","message":"✅ Database connected successfully","service":"isi-archive-api","timestamp":"2025-06-02 01:42:40"}
{"level":"info","message":"Redis Client Connected","service":"isi-archive-api","timestamp":"2025-06-02 01:42:40"}
{"level":"info","message":"Redis Client Ready","service":"isi-archive-api","timestamp":"2025-06-02 01:42:40"}
{"level":"info","message":"Successfully connected to Redis","service":"isi-archive-api","timestamp":"2025-06-02 01:42:40"}
{"level":"info","message":"✅ Redis connected successfully","service":"isi-archive-api","timestamp":"2025-06-02 01:42:40"}
{"level":"info","message":"Email service initialized","service":"isi-archive-api","timestamp":"2025-06-02 01:42:40"}
{"level":"info","message":"✅ Email service initialized","service":"isi-archive-api","timestamp":"2025-06-02 01:42:40"}
{"level":"info","message":"🚀 ISI Archive API started successfully","service":"isi-archive-api","timestamp":"2025-06-02 01:42:40"}
{"level":"info","message":"📍 Server running on port 5001","service":"isi-archive-api","timestamp":"2025-06-02 01:42:40"}
{"level":"info","message":"🌍 Environment: development","service":"isi-archive-api","timestamp":"2025-06-02 01:42:40"}
{"level":"info","message":"📚 API Documentation: http://localhost:5001/api/docs","service":"isi-archive-api","timestamp":"2025-06-02 01:42:40"}
{"level":"info","message":"💚 Health Check: http://localhost:5001/api/health","service":"isi-archive-api","timestamp":"2025-06-02 01:42:40"}
{"level":"info","message":"📋 API Info: http://localhost:5001/api","service":"isi-archive-api","timestamp":"2025-06-02 01:42:40"}
{"level":"info","message":"🔧 Development mode - detailed logging enabled","service":"isi-archive-api","timestamp":"2025-06-02 01:42:40"}
{"level":"warn","message":"Login attempt with non-existent email: prof.cs@isi.tn","service":"isi-archive-api","timestamp":"2025-06-02 01:45:29"}
{"level":"error","message":"Login error: Email ou mot de passe incorrect","service":"isi-archive-api","stack":"Error: Email ou mot de passe incorrect\n    at Function.login (/app/src/services/authService.ts:32:13)\n    at async login (/app/src/controllers/authController.ts:15:22)","timestamp":"2025-06-02 01:45:29"}
{"level":"warn","message":"Login attempt with non-existent email: prof.cs@isi.tn","service":"isi-archive-api","timestamp":"2025-06-02 01:46:17"}
{"level":"error","message":"Login error: Email ou mot de passe incorrect","service":"isi-archive-api","stack":"Error: Email ou mot de passe incorrect\n    at Function.login (/app/src/services/authService.ts:32:13)\n    at async login (/app/src/controllers/authController.ts:15:22)","timestamp":"2025-06-02 01:46:17"}
{"level":"info","message":"Successful login for user: admin@isi.tn","service":"isi-archive-api","timestamp":"2025-06-02 01:47:24"}
{"level":"info","message":"Audit log created: LOGIN by user 0071f755-8ab9-4745-8878-8b2fa921b3ba","service":"isi-archive-api","timestamp":"2025-06-02 01:47:24"}
{"level":"info","message":"Audit log created: PAGE_ACCESS by user 0071f755-8ab9-4745-8878-8b2fa921b3ba","service":"isi-archive-api","timestamp":"2025-06-02 01:47:28"}
{"level":"info","message":"User logged out: 0071f755-8ab9-4745-8878-8b2fa921b3ba","service":"isi-archive-api","timestamp":"2025-06-02 01:47:56"}
{"level":"info","message":"Audit log created: LOGOUT by user 0071f755-8ab9-4745-8878-8b2fa921b3ba","service":"isi-archive-api","timestamp":"2025-06-02 01:47:56"}
{"level":"info","message":"Successful login for user: prof.cs@isi.tn","service":"isi-archive-api","timestamp":"2025-06-02 01:48:14"}
{"level":"info","message":"Audit log created: LOGIN by user 056f65c4-44e9-4e60-89ae-e5ec65796ab0","service":"isi-archive-api","timestamp":"2025-06-02 01:48:14"}
{"level":"info","message":"Audit log created: PAGE_ACCESS by user 056f65c4-44e9-4e60-89ae-e5ec65796ab0","service":"isi-archive-api","timestamp":"2025-06-02 01:48:21"}
{"level":"info","message":"Created directory: /app/uploads/documents/L1/Licence en sciences de l'informatique/S1/Algorithmique et Structures de Données/td","service":"isi-archive-api","timestamp":"2025-06-02 01:48:44"}
{"level":"info","message":"Cleaned up uploaded file: /app/uploads/documents/L1/Licence en sciences de l'informatique/S1/Algorithmique et Structures de Données/td/1748828924195_2IDL__2___1__b9d46695ec385266.pdf","service":"isi-archive-api","timestamp":"2025-06-02 01:48:44"}
{"level":"info","message":"Cleaned up uploaded file: /app/uploads/documents/L1/Licence en sciences de l'informatique/S1/Algorithmique et Structures de Données/td/1748828932133_2IDL__2___1__013979bacee6a4eb.pdf","service":"isi-archive-api","timestamp":"2025-06-02 01:48:52"}
{"level":"info","message":"📚 Swagger documentation available at: http://localhost:5001/api/docs","service":"isi-archive-api","timestamp":"2025-06-02 01:50:59"}
{"level":"info","message":"✅ Database connected successfully","service":"isi-archive-api","timestamp":"2025-06-02 01:50:59"}
{"level":"info","message":"Redis Client Connected","service":"isi-archive-api","timestamp":"2025-06-02 01:50:59"}
{"level":"info","message":"Redis Client Ready","service":"isi-archive-api","timestamp":"2025-06-02 01:50:59"}
{"level":"info","message":"Successfully connected to Redis","service":"isi-archive-api","timestamp":"2025-06-02 01:50:59"}
{"level":"info","message":"✅ Redis connected successfully","service":"isi-archive-api","timestamp":"2025-06-02 01:50:59"}
{"level":"info","message":"Email service initialized","service":"isi-archive-api","timestamp":"2025-06-02 01:50:59"}
{"level":"info","message":"✅ Email service initialized","service":"isi-archive-api","timestamp":"2025-06-02 01:50:59"}
{"level":"info","message":"🚀 ISI Archive API started successfully","service":"isi-archive-api","timestamp":"2025-06-02 01:50:59"}
{"level":"info","message":"📍 Server running on port 5001","service":"isi-archive-api","timestamp":"2025-06-02 01:50:59"}
{"level":"info","message":"🌍 Environment: development","service":"isi-archive-api","timestamp":"2025-06-02 01:50:59"}
{"level":"info","message":"📚 API Documentation: http://localhost:5001/api/docs","service":"isi-archive-api","timestamp":"2025-06-02 01:50:59"}
{"level":"info","message":"💚 Health Check: http://localhost:5001/api/health","service":"isi-archive-api","timestamp":"2025-06-02 01:50:59"}
{"level":"info","message":"📋 API Info: http://localhost:5001/api","service":"isi-archive-api","timestamp":"2025-06-02 01:50:59"}
{"level":"info","message":"🔧 Development mode - detailed logging enabled","service":"isi-archive-api","timestamp":"2025-06-02 01:50:59"}
{"level":"info","message":"SIGTERM received, starting graceful shutdown...","service":"isi-archive-api","timestamp":"2025-06-02 01:51:02"}
{"level":"info","message":"HTTP server closed","service":"isi-archive-api","timestamp":"2025-06-02 01:51:02"}
{"level":"info","message":"📚 Swagger documentation available at: http://localhost:5001/api/docs","service":"isi-archive-api","timestamp":"2025-06-02 01:51:09"}
{"level":"info","message":"✅ Database connected successfully","service":"isi-archive-api","timestamp":"2025-06-02 01:51:09"}
{"level":"info","message":"Redis Client Connected","service":"isi-archive-api","timestamp":"2025-06-02 01:51:09"}
{"level":"info","message":"Redis Client Ready","service":"isi-archive-api","timestamp":"2025-06-02 01:51:09"}
{"level":"info","message":"Successfully connected to Redis","service":"isi-archive-api","timestamp":"2025-06-02 01:51:09"}
{"level":"info","message":"✅ Redis connected successfully","service":"isi-archive-api","timestamp":"2025-06-02 01:51:09"}
{"level":"info","message":"Email service initialized","service":"isi-archive-api","timestamp":"2025-06-02 01:51:09"}
{"level":"info","message":"✅ Email service initialized","service":"isi-archive-api","timestamp":"2025-06-02 01:51:09"}
{"level":"info","message":"🚀 ISI Archive API started successfully","service":"isi-archive-api","timestamp":"2025-06-02 01:51:09"}
{"level":"info","message":"📍 Server running on port 5001","service":"isi-archive-api","timestamp":"2025-06-02 01:51:09"}
{"level":"info","message":"🌍 Environment: development","service":"isi-archive-api","timestamp":"2025-06-02 01:51:09"}
{"level":"info","message":"📚 API Documentation: http://localhost:5001/api/docs","service":"isi-archive-api","timestamp":"2025-06-02 01:51:09"}
{"level":"info","message":"💚 Health Check: http://localhost:5001/api/health","service":"isi-archive-api","timestamp":"2025-06-02 01:51:09"}
{"level":"info","message":"📋 API Info: http://localhost:5001/api","service":"isi-archive-api","timestamp":"2025-06-02 01:51:09"}
{"level":"info","message":"🔧 Development mode - detailed logging enabled","service":"isi-archive-api","timestamp":"2025-06-02 01:51:09"}
{"level":"info","message":"Successful login for user: prof.cs@isi.tn","service":"isi-archive-api","timestamp":"2025-06-02 01:51:17"}
{"level":"info","message":"Audit log created: LOGIN by user 056f65c4-44e9-4e60-89ae-e5ec65796ab0","service":"isi-archive-api","timestamp":"2025-06-02 01:51:17"}
{"level":"info","message":"Audit log created: PAGE_ACCESS by user 056f65c4-44e9-4e60-89ae-e5ec65796ab0","service":"isi-archive-api","timestamp":"2025-06-02 01:51:20"}
{"level":"info","message":"Created directory: /app/uploads/documents/L2/Licence en sciences de l'informatique/S4/Génie Logiciel/cours","service":"isi-archive-api","timestamp":"2025-06-02 01:51:35"}
{"level":"info","message":"Cleaned up uploaded file: /app/uploads/documents/L2/Licence en sciences de l'informatique/S4/Génie Logiciel/cours/1748829095908_2IDL__2___2__964251b64348ffa4.pdf","service":"isi-archive-api","timestamp":"2025-06-02 01:51:35"}
{"level":"info","message":"Audit log created: PAGE_ACCESS by user 056f65c4-44e9-4e60-89ae-e5ec65796ab0","service":"isi-archive-api","timestamp":"2025-06-02 01:54:44"}
{"level":"info","message":"Audit log created: PAGE_ACCESS by user 056f65c4-44e9-4e60-89ae-e5ec65796ab0","service":"isi-archive-api","timestamp":"2025-06-02 01:55:51"}
{"level":"info","message":"Cleaned up uploaded file: /app/uploads/documents/L1/Licence en sciences de l'informatique/S1/Algorithmique et Structures de Données/td/1748829371114_2IDL__1___2__c1b9d35efa580c77.pdf","service":"isi-archive-api","timestamp":"2025-06-02 01:56:11"}
{"level":"info","message":"Audit log created: PAGE_ACCESS by user 056f65c4-44e9-4e60-89ae-e5ec65796ab0","service":"isi-archive-api","timestamp":"2025-06-02 01:56:16"}
{"level":"info","message":"Cleaned up uploaded file: /app/uploads/documents/L1/Licence en sciences de l'informatique/S1/Algorithmique et Structures de Données/td/1748829388863_2IDL__2___1__55d0db9b8cb9e9e9.pdf","service":"isi-archive-api","timestamp":"2025-06-02 01:56:28"}
{"level":"info","message":"📚 Swagger documentation available at: http://localhost:5001/api/docs","service":"isi-archive-api","timestamp":"2025-06-02 01:58:39"}
{"level":"info","message":"✅ Database connected successfully","service":"isi-archive-api","timestamp":"2025-06-02 01:58:39"}
{"level":"info","message":"Redis Client Connected","service":"isi-archive-api","timestamp":"2025-06-02 01:58:39"}
{"level":"info","message":"Redis Client Ready","service":"isi-archive-api","timestamp":"2025-06-02 01:58:39"}
{"level":"info","message":"Successfully connected to Redis","service":"isi-archive-api","timestamp":"2025-06-02 01:58:39"}
{"level":"info","message":"✅ Redis connected successfully","service":"isi-archive-api","timestamp":"2025-06-02 01:58:39"}
{"level":"info","message":"Email service initialized","service":"isi-archive-api","timestamp":"2025-06-02 01:58:39"}
{"level":"info","message":"✅ Email service initialized","service":"isi-archive-api","timestamp":"2025-06-02 01:58:39"}
{"level":"info","message":"🚀 ISI Archive API started successfully","service":"isi-archive-api","timestamp":"2025-06-02 01:58:39"}
{"level":"info","message":"📍 Server running on port 5001","service":"isi-archive-api","timestamp":"2025-06-02 01:58:39"}
{"level":"info","message":"🌍 Environment: development","service":"isi-archive-api","timestamp":"2025-06-02 01:58:39"}
{"level":"info","message":"📚 API Documentation: http://localhost:5001/api/docs","service":"isi-archive-api","timestamp":"2025-06-02 01:58:39"}
{"level":"info","message":"💚 Health Check: http://localhost:5001/api/health","service":"isi-archive-api","timestamp":"2025-06-02 01:58:39"}
{"level":"info","message":"📋 API Info: http://localhost:5001/api","service":"isi-archive-api","timestamp":"2025-06-02 01:58:39"}
{"level":"info","message":"🔧 Development mode - detailed logging enabled","service":"isi-archive-api","timestamp":"2025-06-02 01:58:39"}
{"level":"info","message":"SIGTERM received, starting graceful shutdown...","service":"isi-archive-api","timestamp":"2025-06-02 02:02:11"}
{"level":"info","message":"HTTP server closed","service":"isi-archive-api","timestamp":"2025-06-02 02:02:11"}
{"level":"info","message":"📚 Swagger documentation available at: http://localhost:5001/api/docs","service":"isi-archive-api","timestamp":"2025-06-02 02:02:17"}
{"level":"info","message":"✅ Database connected successfully","service":"isi-archive-api","timestamp":"2025-06-02 02:02:17"}
{"level":"info","message":"Redis Client Connected","service":"isi-archive-api","timestamp":"2025-06-02 02:02:17"}
{"level":"info","message":"Redis Client Ready","service":"isi-archive-api","timestamp":"2025-06-02 02:02:17"}
{"level":"info","message":"Successfully connected to Redis","service":"isi-archive-api","timestamp":"2025-06-02 02:02:17"}
{"level":"info","message":"✅ Redis connected successfully","service":"isi-archive-api","timestamp":"2025-06-02 02:02:17"}
{"level":"info","message":"Email service initialized","service":"isi-archive-api","timestamp":"2025-06-02 02:02:17"}
{"level":"info","message":"✅ Email service initialized","service":"isi-archive-api","timestamp":"2025-06-02 02:02:17"}
{"level":"info","message":"🚀 ISI Archive API started successfully","service":"isi-archive-api","timestamp":"2025-06-02 02:02:17"}
{"level":"info","message":"📍 Server running on port 5001","service":"isi-archive-api","timestamp":"2025-06-02 02:02:17"}
{"level":"info","message":"🌍 Environment: development","service":"isi-archive-api","timestamp":"2025-06-02 02:02:17"}
{"level":"info","message":"📚 API Documentation: http://localhost:5001/api/docs","service":"isi-archive-api","timestamp":"2025-06-02 02:02:17"}
{"level":"info","message":"💚 Health Check: http://localhost:5001/api/health","service":"isi-archive-api","timestamp":"2025-06-02 02:02:17"}
{"level":"info","message":"📋 API Info: http://localhost:5001/api","service":"isi-archive-api","timestamp":"2025-06-02 02:02:17"}
{"level":"info","message":"🔧 Development mode - detailed logging enabled","service":"isi-archive-api","timestamp":"2025-06-02 02:02:17"}
{"level":"info","message":"📚 Swagger documentation available at: http://localhost:5001/api/docs","service":"isi-archive-api","timestamp":"2025-06-02 02:02:54"}
{"level":"info","message":"✅ Database connected successfully","service":"isi-archive-api","timestamp":"2025-06-02 02:02:54"}
{"level":"info","message":"Redis Client Connected","service":"isi-archive-api","timestamp":"2025-06-02 02:02:54"}
{"level":"info","message":"Redis Client Ready","service":"isi-archive-api","timestamp":"2025-06-02 02:02:54"}
{"level":"info","message":"Successfully connected to Redis","service":"isi-archive-api","timestamp":"2025-06-02 02:02:54"}
{"level":"info","message":"✅ Redis connected successfully","service":"isi-archive-api","timestamp":"2025-06-02 02:02:54"}
{"level":"info","message":"Email service initialized","service":"isi-archive-api","timestamp":"2025-06-02 02:02:54"}
{"level":"info","message":"✅ Email service initialized","service":"isi-archive-api","timestamp":"2025-06-02 02:02:54"}
{"level":"info","message":"🚀 ISI Archive API started successfully","service":"isi-archive-api","timestamp":"2025-06-02 02:02:54"}
{"level":"info","message":"📍 Server running on port 5001","service":"isi-archive-api","timestamp":"2025-06-02 02:02:54"}
{"level":"info","message":"🌍 Environment: development","service":"isi-archive-api","timestamp":"2025-06-02 02:02:54"}
{"level":"info","message":"📚 API Documentation: http://localhost:5001/api/docs","service":"isi-archive-api","timestamp":"2025-06-02 02:02:54"}
{"level":"info","message":"💚 Health Check: http://localhost:5001/api/health","service":"isi-archive-api","timestamp":"2025-06-02 02:02:54"}
{"level":"info","message":"📋 API Info: http://localhost:5001/api","service":"isi-archive-api","timestamp":"2025-06-02 02:02:54"}
{"level":"info","message":"🔧 Development mode - detailed logging enabled","service":"isi-archive-api","timestamp":"2025-06-02 02:02:54"}
{"level":"info","message":"📚 Swagger documentation available at: http://localhost:5001/api/docs","service":"isi-archive-api","timestamp":"2025-06-02 02:03:11"}
{"level":"info","message":"✅ Database connected successfully","service":"isi-archive-api","timestamp":"2025-06-02 02:03:11"}
{"level":"info","message":"Redis Client Connected","service":"isi-archive-api","timestamp":"2025-06-02 02:03:11"}
{"level":"info","message":"Redis Client Ready","service":"isi-archive-api","timestamp":"2025-06-02 02:03:11"}
{"level":"info","message":"Successfully connected to Redis","service":"isi-archive-api","timestamp":"2025-06-02 02:03:11"}
{"level":"info","message":"✅ Redis connected successfully","service":"isi-archive-api","timestamp":"2025-06-02 02:03:11"}
{"level":"info","message":"Email service initialized","service":"isi-archive-api","timestamp":"2025-06-02 02:03:11"}
{"level":"info","message":"✅ Email service initialized","service":"isi-archive-api","timestamp":"2025-06-02 02:03:11"}
{"level":"info","message":"🚀 ISI Archive API started successfully","service":"isi-archive-api","timestamp":"2025-06-02 02:03:11"}
{"level":"info","message":"📍 Server running on port 5001","service":"isi-archive-api","timestamp":"2025-06-02 02:03:11"}
{"level":"info","message":"🌍 Environment: development","service":"isi-archive-api","timestamp":"2025-06-02 02:03:11"}
{"level":"info","message":"📚 API Documentation: http://localhost:5001/api/docs","service":"isi-archive-api","timestamp":"2025-06-02 02:03:11"}
{"level":"info","message":"💚 Health Check: http://localhost:5001/api/health","service":"isi-archive-api","timestamp":"2025-06-02 02:03:11"}
{"level":"info","message":"📋 API Info: http://localhost:5001/api","service":"isi-archive-api","timestamp":"2025-06-02 02:03:11"}
{"level":"info","message":"🔧 Development mode - detailed logging enabled","service":"isi-archive-api","timestamp":"2025-06-02 02:03:11"}
{"level":"info","message":"SIGTERM received, starting graceful shutdown...","service":"isi-archive-api","timestamp":"2025-06-02 02:03:27"}
{"level":"info","message":"HTTP server closed","service":"isi-archive-api","timestamp":"2025-06-02 02:03:27"}
{"level":"info","message":"📚 Swagger documentation available at: http://localhost:5001/api/docs","service":"isi-archive-api","timestamp":"2025-06-02 02:03:33"}
{"level":"info","message":"✅ Database connected successfully","service":"isi-archive-api","timestamp":"2025-06-02 02:03:33"}
{"level":"info","message":"Redis Client Connected","service":"isi-archive-api","timestamp":"2025-06-02 02:03:33"}
{"level":"info","message":"Redis Client Ready","service":"isi-archive-api","timestamp":"2025-06-02 02:03:33"}
{"level":"info","message":"Successfully connected to Redis","service":"isi-archive-api","timestamp":"2025-06-02 02:03:33"}
{"level":"info","message":"✅ Redis connected successfully","service":"isi-archive-api","timestamp":"2025-06-02 02:03:33"}
{"level":"info","message":"Email service initialized","service":"isi-archive-api","timestamp":"2025-06-02 02:03:33"}
{"level":"info","message":"✅ Email service initialized","service":"isi-archive-api","timestamp":"2025-06-02 02:03:33"}
{"level":"info","message":"🚀 ISI Archive API started successfully","service":"isi-archive-api","timestamp":"2025-06-02 02:03:33"}
{"level":"info","message":"📍 Server running on port 5001","service":"isi-archive-api","timestamp":"2025-06-02 02:03:33"}
{"level":"info","message":"🌍 Environment: development","service":"isi-archive-api","timestamp":"2025-06-02 02:03:33"}
{"level":"info","message":"📚 API Documentation: http://localhost:5001/api/docs","service":"isi-archive-api","timestamp":"2025-06-02 02:03:33"}
{"level":"info","message":"💚 Health Check: http://localhost:5001/api/health","service":"isi-archive-api","timestamp":"2025-06-02 02:03:33"}
{"level":"info","message":"📋 API Info: http://localhost:5001/api","service":"isi-archive-api","timestamp":"2025-06-02 02:03:33"}
{"level":"info","message":"🔧 Development mode - detailed logging enabled","service":"isi-archive-api","timestamp":"2025-06-02 02:03:33"}
{"level":"info","message":"Successful login for user: prof.cs@isi.tn","service":"isi-archive-api","timestamp":"2025-06-02 02:04:47"}
{"level":"info","message":"Audit log created: LOGIN by user 056f65c4-44e9-4e60-89ae-e5ec65796ab0","service":"isi-archive-api","timestamp":"2025-06-02 02:04:47"}
{"level":"info","message":"Audit log created: PAGE_ACCESS by user 056f65c4-44e9-4e60-89ae-e5ec65796ab0","service":"isi-archive-api","timestamp":"2025-06-02 02:04:49"}
{"level":"info","message":"Created directory: /app/uploads/documents/L1/Licence en sciences de l'informatique/S2/Génie Logiciel/cours","service":"isi-archive-api","timestamp":"2025-06-02 02:05:03"}
{"level":"info","message":"Document created: hc hcbvhd by user 056f65c4-44e9-4e60-89ae-e5ec65796ab0 with 3 matiere(s)","service":"isi-archive-api","timestamp":"2025-06-02 02:05:03"}
{"level":"info","message":"Audit log created: DOCUMENT_UPLOAD by user 056f65c4-44e9-4e60-89ae-e5ec65796ab0","service":"isi-archive-api","timestamp":"2025-06-02 02:05:03"}
{"level":"info","message":"Audit log created: PAGE_ACCESS by user 056f65c4-44e9-4e60-89ae-e5ec65796ab0","service":"isi-archive-api","timestamp":"2025-06-02 02:05:03"}
{"level":"info","message":"Audit log created: PAGE_ACCESS by user 056f65c4-44e9-4e60-89ae-e5ec65796ab0","service":"isi-archive-api","timestamp":"2025-06-02 02:05:14"}
{"level":"info","message":"View count incremented for document ffd3e93b-c4bc-428f-960c-2db4c44c045b","service":"isi-archive-api","timestamp":"2025-06-02 02:05:16"}
{"level":"info","message":"Audit log created: DOCUMENT_VIEW by user 056f65c4-44e9-4e60-89ae-e5ec65796ab0","service":"isi-archive-api","timestamp":"2025-06-02 02:05:16"}
{"level":"info","message":"Audit log created: PAGE_ACCESS by user 056f65c4-44e9-4e60-89ae-e5ec65796ab0","service":"isi-archive-api","timestamp":"2025-06-02 02:05:24"}
{"level":"info","message":"Audit log created: PAGE_ACCESS by user 056f65c4-44e9-4e60-89ae-e5ec65796ab0","service":"isi-archive-api","timestamp":"2025-06-02 02:05:28"}
{"level":"info","message":"User logged out: 056f65c4-44e9-4e60-89ae-e5ec65796ab0","service":"isi-archive-api","timestamp":"2025-06-02 02:05:42"}
{"level":"info","message":"Audit log created: LOGOUT by user 056f65c4-44e9-4e60-89ae-e5ec65796ab0","service":"isi-archive-api","timestamp":"2025-06-02 02:05:43"}
{"level":"info","message":"Successful login for user: etudiant.l1@isi.tn","service":"isi-archive-api","timestamp":"2025-06-02 02:05:54"}
{"level":"info","message":"Audit log created: LOGIN by user 0aa8f25a-61a3-4709-b78d-ce9f83e28117","service":"isi-archive-api","timestamp":"2025-06-02 02:05:54"}
{"level":"info","message":"Audit log created: PAGE_ACCESS by user 0aa8f25a-61a3-4709-b78d-ce9f83e28117","service":"isi-archive-api","timestamp":"2025-06-02 02:05:57"}
{"level":"error","message":"Error getting document by ID: Accès non autorisé à ce document","service":"isi-archive-api","stack":"Error: Accès non autorisé à ce document\n    at Function.getDocumentById (/app/src/services/documentService.ts:629:15)\n    at async getDocumentById (/app/src/controllers/documentController.ts:297:24)","timestamp":"2025-06-02 02:05:59"}
{"level":"error","message":"Error getting document by ID: Accès non autorisé à ce document","service":"isi-archive-api","stack":"Error: Accès non autorisé à ce document\n    at Function.getDocumentById (/app/src/services/documentService.ts:629:15)\n    at async getDocumentById (/app/src/controllers/documentController.ts:297:24)","timestamp":"2025-06-02 02:05:59"}
{"level":"info","message":"Audit log created: PAGE_ACCESS by user 0aa8f25a-61a3-4709-b78d-ce9f83e28117","service":"isi-archive-api","timestamp":"2025-06-02 02:05:59"}
{"level":"error","message":"Error getting document by ID: Accès non autorisé à ce document","service":"isi-archive-api","stack":"Error: Accès non autorisé à ce document\n    at Function.getDocumentById (/app/src/services/documentService.ts:629:15)\n    at async getDocumentById (/app/src/controllers/documentController.ts:297:24)","timestamp":"2025-06-02 02:06:02"}
{"level":"error","message":"Error getting document by ID: Accès non autorisé à ce document","service":"isi-archive-api","stack":"Error: Accès non autorisé à ce document\n    at Function.getDocumentById (/app/src/services/documentService.ts:629:15)\n    at async getDocumentById (/app/src/controllers/documentController.ts:297:24)","timestamp":"2025-06-02 02:06:02"}
{"level":"info","message":"Audit log created: PAGE_ACCESS by user 0aa8f25a-61a3-4709-b78d-ce9f83e28117","service":"isi-archive-api","timestamp":"2025-06-02 02:06:02"}
{"level":"info","message":"📚 Swagger documentation available at: http://localhost:5001/api/docs","service":"isi-archive-api","timestamp":"2025-06-02 02:07:18"}
{"level":"info","message":"✅ Database connected successfully","service":"isi-archive-api","timestamp":"2025-06-02 02:07:19"}
{"level":"info","message":"Redis Client Connected","service":"isi-archive-api","timestamp":"2025-06-02 02:07:19"}
{"level":"info","message":"Redis Client Ready","service":"isi-archive-api","timestamp":"2025-06-02 02:07:19"}
{"level":"info","message":"Successfully connected to Redis","service":"isi-archive-api","timestamp":"2025-06-02 02:07:19"}
{"level":"info","message":"✅ Redis connected successfully","service":"isi-archive-api","timestamp":"2025-06-02 02:07:19"}
{"level":"info","message":"Email service initialized","service":"isi-archive-api","timestamp":"2025-06-02 02:07:19"}
{"level":"info","message":"✅ Email service initialized","service":"isi-archive-api","timestamp":"2025-06-02 02:07:19"}
{"level":"info","message":"🚀 ISI Archive API started successfully","service":"isi-archive-api","timestamp":"2025-06-02 02:07:19"}
{"level":"info","message":"📍 Server running on port 5001","service":"isi-archive-api","timestamp":"2025-06-02 02:07:19"}
{"level":"info","message":"🌍 Environment: development","service":"isi-archive-api","timestamp":"2025-06-02 02:07:19"}
{"level":"info","message":"📚 API Documentation: http://localhost:5001/api/docs","service":"isi-archive-api","timestamp":"2025-06-02 02:07:19"}
{"level":"info","message":"💚 Health Check: http://localhost:5001/api/health","service":"isi-archive-api","timestamp":"2025-06-02 02:07:19"}
{"level":"info","message":"📋 API Info: http://localhost:5001/api","service":"isi-archive-api","timestamp":"2025-06-02 02:07:19"}
{"level":"info","message":"🔧 Development mode - detailed logging enabled","service":"isi-archive-api","timestamp":"2025-06-02 02:07:19"}
{"level":"info","message":"SIGTERM received, starting graceful shutdown...","service":"isi-archive-api","timestamp":"2025-06-02 02:09:04"}
{"level":"info","message":"HTTP server closed","service":"isi-archive-api","timestamp":"2025-06-02 02:09:04"}
{"level":"info","message":"📚 Swagger documentation available at: http://localhost:5001/api/docs","service":"isi-archive-api","timestamp":"2025-06-02 02:09:11"}
{"level":"info","message":"✅ Database connected successfully","service":"isi-archive-api","timestamp":"2025-06-02 02:09:11"}
{"level":"info","message":"Redis Client Connected","service":"isi-archive-api","timestamp":"2025-06-02 02:09:12"}
{"level":"info","message":"Redis Client Ready","service":"isi-archive-api","timestamp":"2025-06-02 02:09:12"}
{"level":"info","message":"Successfully connected to Redis","service":"isi-archive-api","timestamp":"2025-06-02 02:09:12"}
{"level":"info","message":"✅ Redis connected successfully","service":"isi-archive-api","timestamp":"2025-06-02 02:09:12"}
{"level":"info","message":"Email service initialized","service":"isi-archive-api","timestamp":"2025-06-02 02:09:12"}
{"level":"info","message":"✅ Email service initialized","service":"isi-archive-api","timestamp":"2025-06-02 02:09:12"}
{"level":"info","message":"🚀 ISI Archive API started successfully","service":"isi-archive-api","timestamp":"2025-06-02 02:09:12"}
{"level":"info","message":"📍 Server running on port 5001","service":"isi-archive-api","timestamp":"2025-06-02 02:09:12"}
{"level":"info","message":"🌍 Environment: development","service":"isi-archive-api","timestamp":"2025-06-02 02:09:12"}
{"level":"info","message":"📚 API Documentation: http://localhost:5001/api/docs","service":"isi-archive-api","timestamp":"2025-06-02 02:09:12"}
{"level":"info","message":"💚 Health Check: http://localhost:5001/api/health","service":"isi-archive-api","timestamp":"2025-06-02 02:09:12"}
{"level":"info","message":"📋 API Info: http://localhost:5001/api","service":"isi-archive-api","timestamp":"2025-06-02 02:09:12"}
{"level":"info","message":"🔧 Development mode - detailed logging enabled","service":"isi-archive-api","timestamp":"2025-06-02 02:09:12"}
{"level":"info","message":"Audit log created: PAGE_ACCESS by user 056f65c4-44e9-4e60-89ae-e5ec65796ab0","service":"isi-archive-api","timestamp":"2025-06-02 02:12:33"}
{"level":"info","message":"Audit log created: PAGE_ACCESS by user 0aa8f25a-61a3-4709-b78d-ce9f83e28117","service":"isi-archive-api","timestamp":"2025-06-02 02:12:37"}
{"level":"info","message":"View count incremented for document ffd3e93b-c4bc-428f-960c-2db4c44c045b","service":"isi-archive-api","timestamp":"2025-06-02 02:12:39"}
{"level":"info","message":"Audit log created: DOCUMENT_VIEW by user 0aa8f25a-61a3-4709-b78d-ce9f83e28117","service":"isi-archive-api","timestamp":"2025-06-02 02:12:39"}
{"level":"info","message":"Comment created on document ffd3e93b-c4bc-428f-960c-2db4c44c045b by user 0aa8f25a-61a3-4709-b78d-ce9f83e28117","service":"isi-archive-api","timestamp":"2025-06-02 02:12:43"}
{"level":"info","message":"View count incremented for document ffd3e93b-c4bc-428f-960c-2db4c44c045b","service":"isi-archive-api","timestamp":"2025-06-02 02:12:48"}
{"level":"info","message":"Audit log created: DOCUMENT_VIEW by user 056f65c4-44e9-4e60-89ae-e5ec65796ab0","service":"isi-archive-api","timestamp":"2025-06-02 02:12:48"}
{"level":"info","message":"Comment created on document ffd3e93b-c4bc-428f-960c-2db4c44c045b by user 056f65c4-44e9-4e60-89ae-e5ec65796ab0","service":"isi-archive-api","timestamp":"2025-06-02 02:12:53"}
{"level":"info","message":"View count incremented for document ffd3e93b-c4bc-428f-960c-2db4c44c045b","service":"isi-archive-api","timestamp":"2025-06-02 02:12:57"}
{"level":"info","message":"Audit log created: DOCUMENT_VIEW by user 0aa8f25a-61a3-4709-b78d-ce9f83e28117","service":"isi-archive-api","timestamp":"2025-06-02 02:12:57"}
{"level":"info","message":"Comment created on document ffd3e93b-c4bc-428f-960c-2db4c44c045b by user 056f65c4-44e9-4e60-89ae-e5ec65796ab0","service":"isi-archive-api","timestamp":"2025-06-02 02:14:12"}
{"level":"info","message":"View count incremented for document ffd3e93b-c4bc-428f-960c-2db4c44c045b","service":"isi-archive-api","timestamp":"2025-06-02 02:14:17"}
{"level":"info","message":"Audit log created: DOCUMENT_VIEW by user 0aa8f25a-61a3-4709-b78d-ce9f83e28117","service":"isi-archive-api","timestamp":"2025-06-02 02:14:17"}
{"level":"info","message":"Comment created on document ffd3e93b-c4bc-428f-960c-2db4c44c045b by user 0aa8f25a-61a3-4709-b78d-ce9f83e28117","service":"isi-archive-api","timestamp":"2025-06-02 02:14:41"}
{"level":"info","message":"Comment deleted: 4a4cb63b-b7d5-4265-ab09-c3cb2fa39cc3 by user 0aa8f25a-61a3-4709-b78d-ce9f83e28117","service":"isi-archive-api","timestamp":"2025-06-02 02:15:26"}
{"level":"info","message":"Audit log created: PAGE_ACCESS by user 0aa8f25a-61a3-4709-b78d-ce9f83e28117","service":"isi-archive-api","timestamp":"2025-06-02 02:15:59"}
{"level":"info","message":"Audit log created: PAGE_ACCESS by user 056f65c4-44e9-4e60-89ae-e5ec65796ab0","service":"isi-archive-api","timestamp":"2025-06-02 02:16:05"}
{"level":"info","message":"📚 Swagger documentation available at: http://localhost:5001/api/docs","service":"isi-archive-api","timestamp":"2025-06-02 02:22:13"}
{"level":"info","message":"✅ Database connected successfully","service":"isi-archive-api","timestamp":"2025-06-02 02:22:13"}
{"level":"info","message":"Redis Client Connected","service":"isi-archive-api","timestamp":"2025-06-02 02:22:13"}
{"level":"info","message":"Redis Client Ready","service":"isi-archive-api","timestamp":"2025-06-02 02:22:13"}
{"level":"info","message":"Successfully connected to Redis","service":"isi-archive-api","timestamp":"2025-06-02 02:22:13"}
{"level":"info","message":"✅ Redis connected successfully","service":"isi-archive-api","timestamp":"2025-06-02 02:22:13"}
{"level":"info","message":"Email service initialized","service":"isi-archive-api","timestamp":"2025-06-02 02:22:13"}
{"level":"info","message":"✅ Email service initialized","service":"isi-archive-api","timestamp":"2025-06-02 02:22:13"}
{"level":"info","message":"🚀 ISI Archive API started successfully","service":"isi-archive-api","timestamp":"2025-06-02 02:22:13"}
{"level":"info","message":"📍 Server running on port 5001","service":"isi-archive-api","timestamp":"2025-06-02 02:22:13"}
{"level":"info","message":"🌍 Environment: development","service":"isi-archive-api","timestamp":"2025-06-02 02:22:13"}
{"level":"info","message":"📚 API Documentation: http://localhost:5001/api/docs","service":"isi-archive-api","timestamp":"2025-06-02 02:22:13"}
{"level":"info","message":"💚 Health Check: http://localhost:5001/api/health","service":"isi-archive-api","timestamp":"2025-06-02 02:22:13"}
{"level":"info","message":"📋 API Info: http://localhost:5001/api","service":"isi-archive-api","timestamp":"2025-06-02 02:22:13"}
{"level":"info","message":"🔧 Development mode - detailed logging enabled","service":"isi-archive-api","timestamp":"2025-06-02 02:22:13"}
{"level":"info","message":"Successful login for user: admin@isi.tn","service":"isi-archive-api","timestamp":"2025-06-02 02:22:26"}
{"level":"info","message":"Audit log created: LOGIN by user 0071f755-8ab9-4745-8878-8b2fa921b3ba","service":"isi-archive-api","timestamp":"2025-06-02 02:22:26"}
{"level":"info","message":"User logged out: 0071f755-8ab9-4745-8878-8b2fa921b3ba","service":"isi-archive-api","timestamp":"2025-06-02 02:22:31"}
{"level":"info","message":"Audit log created: LOGOUT by user 0071f755-8ab9-4745-8878-8b2fa921b3ba","service":"isi-archive-api","timestamp":"2025-06-02 02:22:31"}
{"level":"info","message":"Successful login for user: etudiant.l1@isi.tn","service":"isi-archive-api","timestamp":"2025-06-02 02:22:45"}
{"level":"info","message":"Audit log created: LOGIN by user 0aa8f25a-61a3-4709-b78d-ce9f83e28117","service":"isi-archive-api","timestamp":"2025-06-02 02:22:45"}
{"level":"info","message":"Audit log created: PAGE_ACCESS by user 0aa8f25a-61a3-4709-b78d-ce9f83e28117","service":"isi-archive-api","timestamp":"2025-06-02 02:22:48"}
{"level":"info","message":"Audit log created: PAGE_ACCESS by user 0aa8f25a-61a3-4709-b78d-ce9f83e28117","service":"isi-archive-api","timestamp":"2025-06-02 02:22:50"}
{"level":"info","message":"📚 Swagger documentation available at: http://localhost:5001/api/docs","service":"isi-archive-api","timestamp":"2025-06-02 02:24:00"}
{"level":"info","message":"✅ Database connected successfully","service":"isi-archive-api","timestamp":"2025-06-02 02:24:00"}
{"level":"info","message":"Redis Client Connected","service":"isi-archive-api","timestamp":"2025-06-02 02:24:00"}
{"level":"info","message":"Redis Client Ready","service":"isi-archive-api","timestamp":"2025-06-02 02:24:00"}
{"level":"info","message":"Successfully connected to Redis","service":"isi-archive-api","timestamp":"2025-06-02 02:24:00"}
{"level":"info","message":"✅ Redis connected successfully","service":"isi-archive-api","timestamp":"2025-06-02 02:24:00"}
{"level":"info","message":"Email service initialized","service":"isi-archive-api","timestamp":"2025-06-02 02:24:00"}
{"level":"info","message":"✅ Email service initialized","service":"isi-archive-api","timestamp":"2025-06-02 02:24:00"}
{"level":"info","message":"🚀 ISI Archive API started successfully","service":"isi-archive-api","timestamp":"2025-06-02 02:24:00"}
{"level":"info","message":"📍 Server running on port 5001","service":"isi-archive-api","timestamp":"2025-06-02 02:24:00"}
{"level":"info","message":"🌍 Environment: development","service":"isi-archive-api","timestamp":"2025-06-02 02:24:00"}
{"level":"info","message":"📚 API Documentation: http://localhost:5001/api/docs","service":"isi-archive-api","timestamp":"2025-06-02 02:24:00"}
{"level":"info","message":"💚 Health Check: http://localhost:5001/api/health","service":"isi-archive-api","timestamp":"2025-06-02 02:24:00"}
{"level":"info","message":"📋 API Info: http://localhost:5001/api","service":"isi-archive-api","timestamp":"2025-06-02 02:24:00"}
{"level":"info","message":"🔧 Development mode - detailed logging enabled","service":"isi-archive-api","timestamp":"2025-06-02 02:24:00"}
{"level":"info","message":"SIGTERM received, starting graceful shutdown...","service":"isi-archive-api","timestamp":"2025-06-02 02:24:16"}
{"level":"info","message":"HTTP server closed","service":"isi-archive-api","timestamp":"2025-06-02 02:24:16"}
{"level":"info","message":"SIGINT received, starting graceful shutdown...","service":"isi-archive-api","timestamp":"2025-06-02 02:24:16"}
{"level":"info","message":"HTTP server closed","service":"isi-archive-api","timestamp":"2025-06-02 02:24:16"}
{"level":"info","message":"📚 Swagger documentation available at: http://localhost:5001/api/docs","service":"isi-archive-api","timestamp":"2025-06-02 02:24:21"}
{"level":"info","message":"✅ Database connected successfully","service":"isi-archive-api","timestamp":"2025-06-02 02:24:21"}
{"level":"info","message":"Redis Client Connected","service":"isi-archive-api","timestamp":"2025-06-02 02:24:21"}
{"level":"info","message":"Redis Client Ready","service":"isi-archive-api","timestamp":"2025-06-02 02:24:21"}
{"level":"info","message":"Successfully connected to Redis","service":"isi-archive-api","timestamp":"2025-06-02 02:24:21"}
{"level":"info","message":"✅ Redis connected successfully","service":"isi-archive-api","timestamp":"2025-06-02 02:24:21"}
{"level":"info","message":"Email service initialized","service":"isi-archive-api","timestamp":"2025-06-02 02:24:21"}
{"level":"info","message":"✅ Email service initialized","service":"isi-archive-api","timestamp":"2025-06-02 02:24:21"}
{"level":"info","message":"🚀 ISI Archive API started successfully","service":"isi-archive-api","timestamp":"2025-06-02 02:24:21"}
{"level":"info","message":"📍 Server running on port 5001","service":"isi-archive-api","timestamp":"2025-06-02 02:24:21"}
{"level":"info","message":"🌍 Environment: development","service":"isi-archive-api","timestamp":"2025-06-02 02:24:21"}
{"level":"info","message":"📚 API Documentation: http://localhost:5001/api/docs","service":"isi-archive-api","timestamp":"2025-06-02 02:24:21"}
{"level":"info","message":"💚 Health Check: http://localhost:5001/api/health","service":"isi-archive-api","timestamp":"2025-06-02 02:24:21"}
{"level":"info","message":"📋 API Info: http://localhost:5001/api","service":"isi-archive-api","timestamp":"2025-06-02 02:24:21"}
{"level":"info","message":"🔧 Development mode - detailed logging enabled","service":"isi-archive-api","timestamp":"2025-06-02 02:24:21"}
{"level":"info","message":"User logged out: 0aa8f25a-61a3-4709-b78d-ce9f83e28117","service":"isi-archive-api","timestamp":"2025-06-02 02:24:24"}
{"level":"info","message":"Audit log created: LOGOUT by user 0aa8f25a-61a3-4709-b78d-ce9f83e28117","service":"isi-archive-api","timestamp":"2025-06-02 02:24:24"}
{"level":"info","message":"Successful login for user: prof.cs@isi.tn","service":"isi-archive-api","timestamp":"2025-06-02 02:25:23"}
{"level":"info","message":"Audit log created: LOGIN by user 056f65c4-44e9-4e60-89ae-e5ec65796ab0","service":"isi-archive-api","timestamp":"2025-06-02 02:25:23"}
{"level":"info","message":"Audit log created: PAGE_ACCESS by user 056f65c4-44e9-4e60-89ae-e5ec65796ab0","service":"isi-archive-api","timestamp":"2025-06-02 02:25:26"}
{"level":"info","message":"User logged out: 056f65c4-44e9-4e60-89ae-e5ec65796ab0","service":"isi-archive-api","timestamp":"2025-06-02 02:25:48"}
{"level":"info","message":"Audit log created: LOGOUT by user 056f65c4-44e9-4e60-89ae-e5ec65796ab0","service":"isi-archive-api","timestamp":"2025-06-02 02:25:48"}
{"level":"info","message":"Successful login for user: admin@isi.tn","service":"isi-archive-api","timestamp":"2025-06-02 02:26:09"}
{"level":"info","message":"Audit log created: LOGIN by user 0071f755-8ab9-4745-8878-8b2fa921b3ba","service":"isi-archive-api","timestamp":"2025-06-02 02:26:09"}
{"level":"info","message":"Audit log created: PAGE_ACCESS by user 0071f755-8ab9-4745-8878-8b2fa921b3ba","service":"isi-archive-api","timestamp":"2025-06-02 02:26:19"}
{"level":"info","message":"Matiere L1-SE-GEN3 professor assignments updated by user 0071f755-8ab9-4745-8878-8b2fa921b3ba","service":"isi-archive-api","timestamp":"2025-06-02 02:27:03"}
{"level":"info","message":"Audit log created: PAGE_ACCESS by user 0071f755-8ab9-4745-8878-8b2fa921b3ba","service":"isi-archive-api","timestamp":"2025-06-02 02:27:26"}
{"level":"info","message":"Audit log created: PAGE_ACCESS by user 0071f755-8ab9-4745-8878-8b2fa921b3ba","service":"isi-archive-api","timestamp":"2025-06-02 02:27:27"}
{"level":"info","message":"User logged out: 0071f755-8ab9-4745-8878-8b2fa921b3ba","service":"isi-archive-api","timestamp":"2025-06-02 02:29:19"}
{"level":"info","message":"Audit log created: LOGOUT by user 0071f755-8ab9-4745-8878-8b2fa921b3ba","service":"isi-archive-api","timestamp":"2025-06-02 02:29:19"}
{"level":"info","message":"Password reset requested for: contact@khalilkhalef.com","service":"isi-archive-api","timestamp":"2025-06-02 02:29:26"}
{"level":"info","message":"Reset token: 7d7a9a2092af7e414b9c59eed91257d1dbb3f4ae854cc2f841a648d242ebb275","service":"isi-archive-api","timestamp":"2025-06-02 02:29:26"}
{"level":"info","message":"Reset URL: http://localhost:3000/reset-password?token=7d7a9a2092af7e414b9c59eed91257d1dbb3f4ae854cc2f841a648d242ebb275","service":"isi-archive-api","timestamp":"2025-06-02 02:29:26"}
{"level":"info","message":"User: Khalil Khalef","service":"isi-archive-api","timestamp":"2025-06-02 02:29:26"}
{"level":"info","message":"Password reset email sent to: contact@khalilkhalef.com","service":"isi-archive-api","timestamp":"2025-06-02 02:29:28"}
{"level":"info","message":"Password reset email sent to: contact@khalilkhalef.com","service":"isi-archive-api","timestamp":"2025-06-02 02:29:28"}
{"level":"info","message":"SIGTERM received, starting graceful shutdown...","service":"isi-archive-api","timestamp":"2025-06-02 02:34:12"}
{"level":"info","message":"HTTP server closed","service":"isi-archive-api","timestamp":"2025-06-02 02:34:13"}
