{"level":"info","message":"📚 Swagger documentation available at: http://localhost:5001/api/docs","service":"isi-archive-api","timestamp":"2025-06-07 15:10:45"}
{"level":"info","message":"✅ Database connected successfully","service":"isi-archive-api","timestamp":"2025-06-07 15:10:45"}
{"level":"info","message":"Redis Client Connected","service":"isi-archive-api","timestamp":"2025-06-07 15:10:45"}
{"level":"info","message":"Redis Client Ready","service":"isi-archive-api","timestamp":"2025-06-07 15:10:45"}
{"level":"info","message":"Successfully connected to Redis","service":"isi-archive-api","timestamp":"2025-06-07 15:10:45"}
{"level":"info","message":"✅ Redis connected successfully","service":"isi-archive-api","timestamp":"2025-06-07 15:10:45"}
{"level":"info","message":"Email service initialized","service":"isi-archive-api","timestamp":"2025-06-07 15:10:45"}
{"level":"info","message":"✅ Email service initialized","service":"isi-archive-api","timestamp":"2025-06-07 15:10:45"}
{"level":"info","message":"🚀 ISI Archive API started successfully","service":"isi-archive-api","timestamp":"2025-06-07 15:10:45"}
{"level":"info","message":"📍 Server running on port 5001","service":"isi-archive-api","timestamp":"2025-06-07 15:10:45"}
{"level":"info","message":"🌍 Environment: development","service":"isi-archive-api","timestamp":"2025-06-07 15:10:45"}
{"level":"info","message":"📚 API Documentation: http://localhost:5001/api/docs","service":"isi-archive-api","timestamp":"2025-06-07 15:10:45"}
{"level":"info","message":"💚 Health Check: http://localhost:5001/api/health","service":"isi-archive-api","timestamp":"2025-06-07 15:10:45"}
{"level":"info","message":"📋 API Info: http://localhost:5001/api","service":"isi-archive-api","timestamp":"2025-06-07 15:10:45"}
{"level":"info","message":"🔧 Development mode - detailed logging enabled","service":"isi-archive-api","timestamp":"2025-06-07 15:10:45"}
{"level":"info","message":"Password reset requested for: contact@khalilkhalef.com","service":"isi-archive-api","timestamp":"2025-06-07 15:36:33"}
{"level":"info","message":"Reset token: e38d1b450af5af4dc939a49d2ea2c4127c7705ae238cd9ff817a8a436e2580c9","service":"isi-archive-api","timestamp":"2025-06-07 15:36:33"}
{"level":"info","message":"Reset URL: http://localhost:3000/reset-password?token=e38d1b450af5af4dc939a49d2ea2c4127c7705ae238cd9ff817a8a436e2580c9","service":"isi-archive-api","timestamp":"2025-06-07 15:36:33"}
{"level":"info","message":"User: Khalil Khalef","service":"isi-archive-api","timestamp":"2025-06-07 15:36:33"}
{"level":"info","message":"Password reset email sent to: contact@khalilkhalef.com","service":"isi-archive-api","timestamp":"2025-06-07 15:36:35"}
{"level":"info","message":"Password reset email sent to: contact@khalilkhalef.com","service":"isi-archive-api","timestamp":"2025-06-07 15:36:35"}
{"level":"info","message":"Successful login for user: admin@isi.tn","service":"isi-archive-api","timestamp":"2025-06-07 15:38:04"}
{"level":"info","message":"Audit log created: LOGIN by user 6cd7a889-1159-44b1-9bfb-add42684e905","service":"isi-archive-api","timestamp":"2025-06-07 15:38:04"}
{"level":"info","message":"User logged out: 6cd7a889-1159-44b1-9bfb-add42684e905","service":"isi-archive-api","timestamp":"2025-06-07 15:50:30"}
{"level":"info","message":"Audit log created: LOGOUT by user 6cd7a889-1159-44b1-9bfb-add42684e905","service":"isi-archive-api","timestamp":"2025-06-07 15:50:30"}
{"level":"info","message":"Successful login for user: prof.cs@isi.tn","service":"isi-archive-api","timestamp":"2025-06-07 15:53:30"}
{"level":"info","message":"Audit log created: LOGIN by user ec06cd4e-e69e-43e1-a3d4-14ffd98349bb","service":"isi-archive-api","timestamp":"2025-06-07 15:53:30"}
{"level":"error","message":"Authentication error: Access token expired","service":"isi-archive-api","stack":"Error: Access token expired\n    at verifyAccessToken (/app/src/utils/jwt.ts:52:13)\n    at authenticate (/app/src/middleware/auth.ts:29:38)\n    at newFn (/app/node_modules/express-async-errors/index.js:16:20)\n    at Layer.handle [as handle_request] (/app/node_modules/express/lib/router/layer.js:95:5)\n    at next (/app/node_modules/express/lib/router/route.js:149:13)\n    at Route.dispatch (/app/node_modules/express/lib/router/route.js:119:3)\n    at newFn (/app/node_modules/express-async-errors/index.js:16:20)\n    at Layer.handle [as handle_request] (/app/node_modules/express/lib/router/layer.js:95:5)\n    at /app/node_modules/express/lib/router/index.js:284:15\n    at Function.process_params (/app/node_modules/express/lib/router/index.js:346:12)","timestamp":"2025-06-07 16:55:49"}
{"level":"error","message":"Authentication error: Access token expired","service":"isi-archive-api","stack":"Error: Access token expired\n    at verifyAccessToken (/app/src/utils/jwt.ts:52:13)\n    at authenticate (/app/src/middleware/auth.ts:29:38)\n    at newFn (/app/node_modules/express-async-errors/index.js:16:20)\n    at Layer.handle [as handle_request] (/app/node_modules/express/lib/router/layer.js:95:5)\n    at next (/app/node_modules/express/lib/router/route.js:149:13)\n    at Route.dispatch (/app/node_modules/express/lib/router/route.js:119:3)\n    at newFn (/app/node_modules/express-async-errors/index.js:16:20)\n    at Layer.handle [as handle_request] (/app/node_modules/express/lib/router/layer.js:95:5)\n    at /app/node_modules/express/lib/router/index.js:284:15\n    at Function.process_params (/app/node_modules/express/lib/router/index.js:346:12)","timestamp":"2025-06-07 16:55:49"}
{"level":"info","message":"Token refreshed for user: prof.cs@isi.tn","service":"isi-archive-api","timestamp":"2025-06-07 16:55:49"}
{"level":"info","message":"Token refreshed for user: prof.cs@isi.tn","service":"isi-archive-api","timestamp":"2025-06-07 16:55:49"}
{"level":"info","message":"User logged out: ec06cd4e-e69e-43e1-a3d4-14ffd98349bb","service":"isi-archive-api","timestamp":"2025-06-07 16:58:52"}
{"level":"info","message":"Audit log created: LOGOUT by user ec06cd4e-e69e-43e1-a3d4-14ffd98349bb","service":"isi-archive-api","timestamp":"2025-06-07 16:58:52"}
{"level":"info","message":"Password reset requested for: contact@khalilkhalef.com","service":"isi-archive-api","timestamp":"2025-06-07 16:59:07"}
{"level":"info","message":"Reset token: 193935fa870415374cae8e8cab4d9fea1620fd2a3e21eb15c96c1f2d9604f8aa","service":"isi-archive-api","timestamp":"2025-06-07 16:59:07"}
{"level":"info","message":"Reset URL: http://localhost:3000/reset-password?token=193935fa870415374cae8e8cab4d9fea1620fd2a3e21eb15c96c1f2d9604f8aa","service":"isi-archive-api","timestamp":"2025-06-07 16:59:07"}
{"level":"info","message":"User: Khalil Khalef","service":"isi-archive-api","timestamp":"2025-06-07 16:59:07"}
{"level":"info","message":"Password reset email sent to: contact@khalilkhalef.com","service":"isi-archive-api","timestamp":"2025-06-07 16:59:09"}
{"level":"info","message":"Password reset email sent to: contact@khalilkhalef.com","service":"isi-archive-api","timestamp":"2025-06-07 16:59:09"}
{"level":"info","message":"Successful login for user: admin@isi.tn","service":"isi-archive-api","timestamp":"2025-06-07 17:02:30"}
{"level":"info","message":"Audit log created: LOGIN by user 6cd7a889-1159-44b1-9bfb-add42684e905","service":"isi-archive-api","timestamp":"2025-06-07 17:02:30"}
{"level":"error","message":"Authentication error: Access token expired","service":"isi-archive-api","stack":"Error: Access token expired\n    at verifyAccessToken (/app/src/utils/jwt.ts:52:13)\n    at authenticate (/app/src/middleware/auth.ts:29:38)\n    at newFn (/app/node_modules/express-async-errors/index.js:16:20)\n    at Layer.handle [as handle_request] (/app/node_modules/express/lib/router/layer.js:95:5)\n    at next (/app/node_modules/express/lib/router/route.js:149:13)\n    at Route.dispatch (/app/node_modules/express/lib/router/route.js:119:3)\n    at newFn (/app/node_modules/express-async-errors/index.js:16:20)\n    at Layer.handle [as handle_request] (/app/node_modules/express/lib/router/layer.js:95:5)\n    at /app/node_modules/express/lib/router/index.js:284:15\n    at Function.process_params (/app/node_modules/express/lib/router/index.js:346:12)","timestamp":"2025-06-07 17:42:58"}
{"level":"info","message":"Token refreshed for user: admin@isi.tn","service":"isi-archive-api","timestamp":"2025-06-07 17:42:58"}
{"level":"info","message":"User logged out: 6cd7a889-1159-44b1-9bfb-add42684e905","service":"isi-archive-api","timestamp":"2025-06-07 17:42:58"}
{"level":"info","message":"Audit log created: LOGOUT by user 6cd7a889-1159-44b1-9bfb-add42684e905","service":"isi-archive-api","timestamp":"2025-06-07 17:42:58"}
{"level":"info","message":"Successful login for user: admin@isi.tn","service":"isi-archive-api","timestamp":"2025-06-07 17:43:20"}
{"level":"info","message":"Audit log created: LOGIN by user 6cd7a889-1159-44b1-9bfb-add42684e905","service":"isi-archive-api","timestamp":"2025-06-07 17:43:20"}
{"level":"info","message":"Audit log created: PAGE_ACCESS by user 6cd7a889-1159-44b1-9bfb-add42684e905","service":"isi-archive-api","timestamp":"2025-06-07 17:43:37"}
{"level":"info","message":"Audit log created: PAGE_ACCESS by user 6cd7a889-1159-44b1-9bfb-add42684e905","service":"isi-archive-api","timestamp":"2025-06-07 17:43:49"}
{"level":"info","message":"User updated: khalef.b.khalil@gmail.com by: 6cd7a889-1159-44b1-9bfb-add42684e905","service":"isi-archive-api","timestamp":"2025-06-07 17:44:05"}
{"level":"info","message":"User updated: khalef.b.khalil@gmail.com by: 6cd7a889-1159-44b1-9bfb-add42684e905","service":"isi-archive-api","timestamp":"2025-06-07 17:44:13"}
{"level":"info","message":"Matiere L1-SE-MAT3 professor assignments updated by user 6cd7a889-1159-44b1-9bfb-add42684e905","service":"isi-archive-api","timestamp":"2025-06-07 17:44:44"}
{"level":"info","message":"User logged out: 6cd7a889-1159-44b1-9bfb-add42684e905","service":"isi-archive-api","timestamp":"2025-06-07 17:44:54"}
{"level":"info","message":"Audit log created: LOGOUT by user 6cd7a889-1159-44b1-9bfb-add42684e905","service":"isi-archive-api","timestamp":"2025-06-07 17:44:54"}
{"level":"info","message":"Successful login for user: prof.cs@isi.tn","service":"isi-archive-api","timestamp":"2025-06-07 17:45:04"}
{"level":"info","message":"Audit log created: LOGIN by user ec06cd4e-e69e-43e1-a3d4-14ffd98349bb","service":"isi-archive-api","timestamp":"2025-06-07 17:45:04"}
{"level":"info","message":"Audit log created: PAGE_ACCESS by user ec06cd4e-e69e-43e1-a3d4-14ffd98349bb","service":"isi-archive-api","timestamp":"2025-06-07 17:45:12"}
{"level":"info","message":"Created directory: /app/uploads/documents/L1/Licence en sciences de l'informatique/S1/Algorithmique et Structures de Données/td","service":"isi-archive-api","timestamp":"2025-06-07 17:45:32"}
{"level":"info","message":"Document created: hdjfvhdjsvhdsnb by user ec06cd4e-e69e-43e1-a3d4-14ffd98349bb with 3 matiere(s)","service":"isi-archive-api","timestamp":"2025-06-07 17:45:32"}
{"level":"info","message":"Audit log created: DOCUMENT_UPLOAD by user ec06cd4e-e69e-43e1-a3d4-14ffd98349bb","service":"isi-archive-api","timestamp":"2025-06-07 17:45:32"}
{"level":"info","message":"Audit log created: PAGE_ACCESS by user ec06cd4e-e69e-43e1-a3d4-14ffd98349bb","service":"isi-archive-api","timestamp":"2025-06-07 17:45:32"}
{"level":"info","message":"View count incremented for document 881e77c3-7b9f-45ab-aed4-116b1bbd9c87","service":"isi-archive-api","timestamp":"2025-06-07 17:45:36"}
{"level":"info","message":"Audit log created: DOCUMENT_VIEW by user ec06cd4e-e69e-43e1-a3d4-14ffd98349bb","service":"isi-archive-api","timestamp":"2025-06-07 17:45:36"}
{"level":"info","message":"Document created: Correction - sdndgfvdshjfdshmn by user ec06cd4e-e69e-43e1-a3d4-14ffd98349bb with 0 matiere(s)","service":"isi-archive-api","timestamp":"2025-06-07 17:45:55"}
{"level":"info","message":"Correction created for document 881e77c3-7b9f-45ab-aed4-116b1bbd9c87 by user ec06cd4e-e69e-43e1-a3d4-14ffd98349bb","service":"isi-archive-api","timestamp":"2025-06-07 17:45:55"}
{"level":"info","message":"View count incremented for document 881e77c3-7b9f-45ab-aed4-116b1bbd9c87","service":"isi-archive-api","timestamp":"2025-06-07 17:45:55"}
{"level":"info","message":"Audit log created: DOCUMENT_VIEW by user ec06cd4e-e69e-43e1-a3d4-14ffd98349bb","service":"isi-archive-api","timestamp":"2025-06-07 17:45:55"}
{"level":"info","message":"Document downloaded: Correction - sdndgfvdshjfdshmn by user ec06cd4e-e69e-43e1-a3d4-14ffd98349bb","service":"isi-archive-api","timestamp":"2025-06-07 17:46:00"}
{"level":"info","message":"Download count incremented for document bcaee388-8533-443d-a71e-42e2773305ad","service":"isi-archive-api","timestamp":"2025-06-07 17:46:00"}
{"level":"info","message":"Audit log created: DOCUMENT_DOWNLOAD by user ec06cd4e-e69e-43e1-a3d4-14ffd98349bb","service":"isi-archive-api","timestamp":"2025-06-07 17:46:00"}
{"level":"info","message":"Comment created on document 881e77c3-7b9f-45ab-aed4-116b1bbd9c87 by user ec06cd4e-e69e-43e1-a3d4-14ffd98349bb","service":"isi-archive-api","timestamp":"2025-06-07 17:46:05"}
{"level":"info","message":"Audit log created: PAGE_ACCESS by user ec06cd4e-e69e-43e1-a3d4-14ffd98349bb","service":"isi-archive-api","timestamp":"2025-06-07 17:46:10"}
{"level":"info","message":"Audit log created: PAGE_ACCESS by user ec06cd4e-e69e-43e1-a3d4-14ffd98349bb","service":"isi-archive-api","timestamp":"2025-06-07 17:46:16"}
{"level":"info","message":"User logged out: ec06cd4e-e69e-43e1-a3d4-14ffd98349bb","service":"isi-archive-api","timestamp":"2025-06-07 17:46:26"}
{"level":"info","message":"Audit log created: LOGOUT by user ec06cd4e-e69e-43e1-a3d4-14ffd98349bb","service":"isi-archive-api","timestamp":"2025-06-07 17:46:26"}
{"level":"info","message":"Successful login for user: etudiant.l1@isi.tn","service":"isi-archive-api","timestamp":"2025-06-07 17:46:33"}
{"level":"info","message":"Audit log created: LOGIN by user 2eaae560-cfea-42b0-a53f-ac3dc99bb19d","service":"isi-archive-api","timestamp":"2025-06-07 17:46:33"}
{"level":"info","message":"Audit log created: PAGE_ACCESS by user 2eaae560-cfea-42b0-a53f-ac3dc99bb19d","service":"isi-archive-api","timestamp":"2025-06-07 17:46:42"}
{"level":"info","message":"View count incremented for document 881e77c3-7b9f-45ab-aed4-116b1bbd9c87","service":"isi-archive-api","timestamp":"2025-06-07 17:46:43"}
{"level":"info","message":"Audit log created: DOCUMENT_VIEW by user 2eaae560-cfea-42b0-a53f-ac3dc99bb19d","service":"isi-archive-api","timestamp":"2025-06-07 17:46:43"}
{"level":"info","message":"Comment created on document 881e77c3-7b9f-45ab-aed4-116b1bbd9c87 by user 2eaae560-cfea-42b0-a53f-ac3dc99bb19d","service":"isi-archive-api","timestamp":"2025-06-07 17:46:48"}
{"level":"info","message":"View count incremented for document 881e77c3-7b9f-45ab-aed4-116b1bbd9c87","service":"isi-archive-api","timestamp":"2025-06-07 17:46:53"}
{"level":"info","message":"Audit log created: DOCUMENT_VIEW by user 2eaae560-cfea-42b0-a53f-ac3dc99bb19d","service":"isi-archive-api","timestamp":"2025-06-07 17:46:53"}
{"level":"info","message":"User logged out: 2eaae560-cfea-42b0-a53f-ac3dc99bb19d","service":"isi-archive-api","timestamp":"2025-06-07 17:50:35"}
{"level":"info","message":"Audit log created: LOGOUT by user 2eaae560-cfea-42b0-a53f-ac3dc99bb19d","service":"isi-archive-api","timestamp":"2025-06-07 17:50:35"}
{"level":"info","message":"Successful login for user: admin@isi.tn","service":"isi-archive-api","timestamp":"2025-06-07 17:51:03"}
{"level":"info","message":"Audit log created: LOGIN by user 6cd7a889-1159-44b1-9bfb-add42684e905","service":"isi-archive-api","timestamp":"2025-06-07 17:51:03"}
{"level":"info","message":"User logged out: 6cd7a889-1159-44b1-9bfb-add42684e905","service":"isi-archive-api","timestamp":"2025-06-07 17:51:24"}
{"level":"info","message":"Audit log created: LOGOUT by user 6cd7a889-1159-44b1-9bfb-add42684e905","service":"isi-archive-api","timestamp":"2025-06-07 17:51:24"}
{"level":"info","message":"Successful login for user: prof.cs@isi.tn","service":"isi-archive-api","timestamp":"2025-06-07 17:51:33"}
{"level":"info","message":"Audit log created: LOGIN by user ec06cd4e-e69e-43e1-a3d4-14ffd98349bb","service":"isi-archive-api","timestamp":"2025-06-07 17:51:33"}
{"level":"info","message":"Audit log created: PAGE_ACCESS by user ec06cd4e-e69e-43e1-a3d4-14ffd98349bb","service":"isi-archive-api","timestamp":"2025-06-07 17:51:35"}
{"level":"info","message":"User logged out: ec06cd4e-e69e-43e1-a3d4-14ffd98349bb","service":"isi-archive-api","timestamp":"2025-06-07 17:51:46"}
{"level":"info","message":"Audit log created: LOGOUT by user ec06cd4e-e69e-43e1-a3d4-14ffd98349bb","service":"isi-archive-api","timestamp":"2025-06-07 17:51:46"}
{"level":"info","message":"📚 Swagger documentation available at: http://localhost:5001/api/docs","service":"isi-archive-api","timestamp":"2025-06-07 17:53:11"}
{"level":"info","message":"✅ Database connected successfully","service":"isi-archive-api","timestamp":"2025-06-07 17:53:11"}
{"level":"info","message":"Redis Client Connected","service":"isi-archive-api","timestamp":"2025-06-07 17:53:11"}
{"level":"info","message":"Redis Client Ready","service":"isi-archive-api","timestamp":"2025-06-07 17:53:11"}
{"level":"info","message":"Successfully connected to Redis","service":"isi-archive-api","timestamp":"2025-06-07 17:53:11"}
{"level":"info","message":"✅ Redis connected successfully","service":"isi-archive-api","timestamp":"2025-06-07 17:53:11"}
{"level":"info","message":"Email service initialized","service":"isi-archive-api","timestamp":"2025-06-07 17:53:11"}
{"level":"info","message":"✅ Email service initialized","service":"isi-archive-api","timestamp":"2025-06-07 17:53:11"}
{"level":"info","message":"🚀 ISI Archive API started successfully","service":"isi-archive-api","timestamp":"2025-06-07 17:53:11"}
{"level":"info","message":"📍 Server running on port 5001","service":"isi-archive-api","timestamp":"2025-06-07 17:53:11"}
{"level":"info","message":"🌍 Environment: development","service":"isi-archive-api","timestamp":"2025-06-07 17:53:11"}
{"level":"info","message":"📚 API Documentation: http://localhost:5001/api/docs","service":"isi-archive-api","timestamp":"2025-06-07 17:53:11"}
{"level":"info","message":"💚 Health Check: http://localhost:5001/api/health","service":"isi-archive-api","timestamp":"2025-06-07 17:53:11"}
{"level":"info","message":"📋 API Info: http://localhost:5001/api","service":"isi-archive-api","timestamp":"2025-06-07 17:53:11"}
{"level":"info","message":"🔧 Development mode - detailed logging enabled","service":"isi-archive-api","timestamp":"2025-06-07 17:53:11"}
{"level":"info","message":"📚 Swagger documentation available at: http://localhost:5001/api/docs","service":"isi-archive-api","timestamp":"2025-06-07 17:53:19"}
{"level":"info","message":"✅ Database connected successfully","service":"isi-archive-api","timestamp":"2025-06-07 17:53:19"}
{"level":"info","message":"Redis Client Connected","service":"isi-archive-api","timestamp":"2025-06-07 17:53:19"}
{"level":"info","message":"Redis Client Ready","service":"isi-archive-api","timestamp":"2025-06-07 17:53:19"}
{"level":"info","message":"Successfully connected to Redis","service":"isi-archive-api","timestamp":"2025-06-07 17:53:19"}
{"level":"info","message":"✅ Redis connected successfully","service":"isi-archive-api","timestamp":"2025-06-07 17:53:19"}
{"level":"info","message":"Email service initialized","service":"isi-archive-api","timestamp":"2025-06-07 17:53:19"}
{"level":"info","message":"✅ Email service initialized","service":"isi-archive-api","timestamp":"2025-06-07 17:53:19"}
{"level":"info","message":"🚀 ISI Archive API started successfully","service":"isi-archive-api","timestamp":"2025-06-07 17:53:19"}
{"level":"info","message":"📍 Server running on port 5001","service":"isi-archive-api","timestamp":"2025-06-07 17:53:19"}
{"level":"info","message":"🌍 Environment: development","service":"isi-archive-api","timestamp":"2025-06-07 17:53:19"}
{"level":"info","message":"📚 API Documentation: http://localhost:5001/api/docs","service":"isi-archive-api","timestamp":"2025-06-07 17:53:19"}
{"level":"info","message":"💚 Health Check: http://localhost:5001/api/health","service":"isi-archive-api","timestamp":"2025-06-07 17:53:19"}
{"level":"info","message":"📋 API Info: http://localhost:5001/api","service":"isi-archive-api","timestamp":"2025-06-07 17:53:19"}
{"level":"info","message":"🔧 Development mode - detailed logging enabled","service":"isi-archive-api","timestamp":"2025-06-07 17:53:19"}
{"level":"info","message":"📚 Swagger documentation available at: http://localhost:5001/api/docs","service":"isi-archive-api","timestamp":"2025-06-07 17:53:31"}
{"level":"info","message":"✅ Database connected successfully","service":"isi-archive-api","timestamp":"2025-06-07 17:53:31"}
{"level":"info","message":"Redis Client Connected","service":"isi-archive-api","timestamp":"2025-06-07 17:53:31"}
{"level":"info","message":"Redis Client Ready","service":"isi-archive-api","timestamp":"2025-06-07 17:53:31"}
{"level":"info","message":"Successfully connected to Redis","service":"isi-archive-api","timestamp":"2025-06-07 17:53:31"}
{"level":"info","message":"✅ Redis connected successfully","service":"isi-archive-api","timestamp":"2025-06-07 17:53:31"}
{"level":"info","message":"Email service initialized","service":"isi-archive-api","timestamp":"2025-06-07 17:53:31"}
{"level":"info","message":"✅ Email service initialized","service":"isi-archive-api","timestamp":"2025-06-07 17:53:31"}
{"level":"info","message":"🚀 ISI Archive API started successfully","service":"isi-archive-api","timestamp":"2025-06-07 17:53:31"}
{"level":"info","message":"📍 Server running on port 5001","service":"isi-archive-api","timestamp":"2025-06-07 17:53:31"}
{"level":"info","message":"🌍 Environment: development","service":"isi-archive-api","timestamp":"2025-06-07 17:53:31"}
{"level":"info","message":"📚 API Documentation: http://localhost:5001/api/docs","service":"isi-archive-api","timestamp":"2025-06-07 17:53:31"}
{"level":"info","message":"💚 Health Check: http://localhost:5001/api/health","service":"isi-archive-api","timestamp":"2025-06-07 17:53:31"}
{"level":"info","message":"📋 API Info: http://localhost:5001/api","service":"isi-archive-api","timestamp":"2025-06-07 17:53:31"}
{"level":"info","message":"🔧 Development mode - detailed logging enabled","service":"isi-archive-api","timestamp":"2025-06-07 17:53:31"}
{"level":"info","message":"📚 Swagger documentation available at: http://localhost:5001/api/docs","service":"isi-archive-api","timestamp":"2025-06-07 17:53:53"}
{"level":"info","message":"✅ Database connected successfully","service":"isi-archive-api","timestamp":"2025-06-07 17:53:53"}
{"level":"info","message":"Redis Client Connected","service":"isi-archive-api","timestamp":"2025-06-07 17:53:53"}
{"level":"info","message":"Redis Client Ready","service":"isi-archive-api","timestamp":"2025-06-07 17:53:53"}
{"level":"info","message":"Successfully connected to Redis","service":"isi-archive-api","timestamp":"2025-06-07 17:53:53"}
{"level":"info","message":"✅ Redis connected successfully","service":"isi-archive-api","timestamp":"2025-06-07 17:53:53"}
{"level":"info","message":"Email service initialized","service":"isi-archive-api","timestamp":"2025-06-07 17:53:53"}
{"level":"info","message":"✅ Email service initialized","service":"isi-archive-api","timestamp":"2025-06-07 17:53:53"}
{"level":"info","message":"🚀 ISI Archive API started successfully","service":"isi-archive-api","timestamp":"2025-06-07 17:53:53"}
{"level":"info","message":"📍 Server running on port 5001","service":"isi-archive-api","timestamp":"2025-06-07 17:53:53"}
{"level":"info","message":"🌍 Environment: development","service":"isi-archive-api","timestamp":"2025-06-07 17:53:53"}
{"level":"info","message":"📚 API Documentation: http://localhost:5001/api/docs","service":"isi-archive-api","timestamp":"2025-06-07 17:53:53"}
{"level":"info","message":"💚 Health Check: http://localhost:5001/api/health","service":"isi-archive-api","timestamp":"2025-06-07 17:53:53"}
{"level":"info","message":"📋 API Info: http://localhost:5001/api","service":"isi-archive-api","timestamp":"2025-06-07 17:53:53"}
{"level":"info","message":"🔧 Development mode - detailed logging enabled","service":"isi-archive-api","timestamp":"2025-06-07 17:53:53"}
{"level":"error","message":"Redis Client Error: Socket closed unexpectedly","service":"isi-archive-api","stack":"Error: Socket closed unexpectedly\n    at Socket.<anonymous> (/app/node_modules/@redis/client/dist/lib/client/socket.js:194:118)\n    at Object.onceWrapper (node:events:632:26)\n    at Socket.emit (node:events:517:28)\n    at Socket.emit (node:domain:489:12)\n    at TCP.<anonymous> (node:net:350:12)","timestamp":"2025-06-07 20:16:24"}
{"level":"info","message":"SIGTERM received, starting graceful shutdown...","service":"isi-archive-api","timestamp":"2025-06-07 20:16:24"}
